gyp info it worked if it ends with ok
gyp info using node-gyp@7.1.2
gyp info using node@15.4.0 | linux | arm
gyp info find Python using Python version 3.7.3 found at "/usr/bin/python3"
gyp info spawn /usr/bin/python3
gyp info spawn args [
gyp info spawn args   '/usr/local/lib/node_modules/npm/node_modules/node-gyp/gyp/gyp_main.py',
gyp info spawn args   'binding.gyp',
gyp info spawn args   '-f',
gyp info spawn args   'make',
gyp info spawn args   '-I',
gyp info spawn args   '/home/pi/Desktop/prototype/node_modules/revolt/node_modules/ws/build/config.gypi',
gyp info spawn args   '-I',
gyp info spawn args   '/usr/local/lib/node_modules/npm/node_modules/node-gyp/addon.gypi',
gyp info spawn args   '-I',
gyp info spawn args   '/home/pi/.cache/node-gyp/15.4.0/include/node/common.gypi',
gyp info spawn args   '-Dlibrary=shared_library',
gyp info spawn args   '-Dvisibility=default',
gyp info spawn args   '-Dnode_root_dir=/home/pi/.cache/node-gyp/15.4.0',
gyp info spawn args   '-Dnode_gyp_dir=/usr/local/lib/node_modules/npm/node_modules/node-gyp',
gyp info spawn args   '-Dnode_lib_file=/home/pi/.cache/node-gyp/15.4.0/<(target_arch)/node.lib',
gyp info spawn args   '-Dmodule_root_dir=/home/pi/Desktop/prototype/node_modules/revolt/node_modules/ws',
gyp info spawn args   '-Dnode_engine=v8',
gyp info spawn args   '--depth=.',
gyp info spawn args   '--no-parallel',
gyp info spawn args   '--generator-output',
gyp info spawn args   'build',
gyp info spawn args   '-Goutput_dir=.'
gyp info spawn args ]
gyp info spawn make
gyp info spawn args [ 'BUILDTYPE=Release', '-C', 'build' ]
In file included from ../src/bufferutil.cc:15:
../../nan/nan.h:79:9: error: ‘v8::Handle’ has not been declared
   , v8::Handle<v8::String> opt, bool def
         ^~~~~~
../../nan/nan.h:79:15: error: expected ‘,’ or ‘...’ before ‘<’ token
   , v8::Handle<v8::String> opt, bool def
               ^
../../nan/nan.h: In function ‘bool NanBooleanOptionValue(v8::Local<v8::Object>, int)’:
../../nan/nan.h:81:7: error: ‘def’ was not declared in this scope
   if (def) {
       ^~~
../../nan/nan.h:83:27: error: ‘opt’ was not declared in this scope
       || !optionsObj->Has(opt)
                           ^~~
../../nan/nan.h:83:27: note: suggested alternative: ‘open’
       || !optionsObj->Has(opt)
                           ^~~
                           open
../../nan/nan.h:87:26: error: ‘opt’ was not declared in this scope
       && optionsObj->Has(opt)
                          ^~~
../../nan/nan.h:87:26: note: suggested alternative: ‘open’
       && optionsObj->Has(opt)
                          ^~~
                          open
../../nan/nan.h: At global scope:
../../nan/nan.h:94:9: error: ‘v8::Handle’ has not been declared
   , v8::Handle<v8::String> opt
         ^~~~~~
../../nan/nan.h:94:15: error: expected ‘,’ or ‘...’ before ‘<’ token
   , v8::Handle<v8::String> opt
               ^
../../nan/nan.h:92:17: error: redefinition of ‘bool NanBooleanOptionValue(v8::Local<v8::Object>, int)’
 NAN_INLINE bool NanBooleanOptionValue(
                 ^~~~~~~~~~~~~~~~~~~~~
../../nan/nan.h:77:17: note: ‘bool NanBooleanOptionValue(v8::Local<v8::Object>, int)’ previously defined here
 NAN_INLINE bool NanBooleanOptionValue(
                 ^~~~~~~~~~~~~~~~~~~~~
../../nan/nan.h: In function ‘bool NanBooleanOptionValue(v8::Local<v8::Object>, int)’:
../../nan/nan.h:96:44: error: ‘opt’ was not declared in this scope
   return NanBooleanOptionValue(optionsObj, opt, false);
                                            ^~~
../../nan/nan.h:96:44: note: suggested alternative: ‘open’
   return NanBooleanOptionValue(optionsObj, opt, false);
                                            ^~~
                                            open
../../nan/nan.h: At global scope:
../../nan/nan.h:101:9: error: ‘v8::Handle’ has not been declared
   , v8::Handle<v8::String> opt
         ^~~~~~
../../nan/nan.h:101:15: error: expected ‘,’ or ‘...’ before ‘<’ token
   , v8::Handle<v8::String> opt
               ^
../../nan/nan.h: In function ‘uint32_t NanUInt32OptionValue(v8::Local<v8::Object>, int)’:
../../nan/nan.h:105:24: error: ‘opt’ was not declared in this scope
     && optionsObj->Has(opt)
                        ^~~
../../nan/nan.h:105:24: note: suggested alternative: ‘open’
     && optionsObj->Has(opt)
                        ^~~
                        open
../../nan/nan.h:108:9: error: ‘def’ was not declared in this scope
       : def;
         ^~~
../../nan/nan.h: At global scope:
../../nan/nan.h:112:25: error: ‘Handle’ is not a member of ‘v8’
 v8::Local<T> NanNew(v8::Handle<T>);
                         ^~~~~~
../../nan/nan.h:112:25: note: suggested alternative: ‘JobHandle’
 v8::Local<T> NanNew(v8::Handle<T>);
                         ^~~~~~
                         JobHandle
../../nan/nan.h:112:33: error: expected primary-expression before ‘>’ token
 v8::Local<T> NanNew(v8::Handle<T>);
                                 ^
../../nan/nan.h:112:34: error: expected primary-expression before ‘)’ token
 v8::Local<T> NanNew(v8::Handle<T>);
                                  ^
../../nan/nan.h:115:45: warning: inline variables are only available with -std=c++17 or -std=gnu++17
 NAN_INLINE v8::Local<T> _NanEnsureLocal(v8::Handle<T> val) {
                                             ^~~~~~
../../nan/nan.h:115:45: warning: ‘always_inline’ attribute ignored [-Wattributes]
../../nan/nan.h:115:45: error: ‘Handle’ is not a member of ‘v8’
../../nan/nan.h:115:45: note: suggested alternative: ‘JobHandle’
 NAN_INLINE v8::Local<T> _NanEnsureLocal(v8::Handle<T> val) {
                                             ^~~~~~
                                             JobHandle
../../nan/nan.h:115:53: error: expected primary-expression before ‘>’ token
 NAN_INLINE v8::Local<T> _NanEnsureLocal(v8::Handle<T> val) {
                                                     ^
../../nan/nan.h:115:55: error: ‘val’ was not declared in this scope
 NAN_INLINE v8::Local<T> _NanEnsureLocal(v8::Handle<T> val) {
                                                       ^~~
../../nan/nan.h:115:59: error: expected ‘;’ before ‘{’ token
 NAN_INLINE v8::Local<T> _NanEnsureLocal(v8::Handle<T> val) {
                                                           ^~
                                                           ;
../../nan/nan.h:120:57: error: ‘template<class T> v8::Local<T> _NanEnsureLocal(v8::Local<T>)’ conflicts with a previous declaration
 NAN_INLINE v8::Local<T> _NanEnsureLocal(v8::Local<T> val) {
                                                         ^
../../nan/nan.h:115:45: note: previous declaration ‘template<class T> v8::Local<T> _NanEnsureLocal<T>’
 NAN_INLINE v8::Local<T> _NanEnsureLocal(v8::Handle<T> val) {
                                             ^~~~~~
../../nan/nan.h:193:34: error: ‘template<class T> v8::Local<T> NanNew()’ conflicts with a previous declaration
   NAN_INLINE v8::Local<T> NanNew() {
                                  ^
../../nan/nan.h:112:25: note: previous declaration ‘template<class T> v8::Local<T> NanNew<T>’
 v8::Local<T> NanNew(v8::Handle<T>);
                         ^~~~~~
../../nan/nan.h:198:40: error: ‘template<class T, class P> v8::Local<T> NanNew(P)’ conflicts with a previous declaration
   NAN_INLINE v8::Local<T> NanNew(P arg1) {
                                        ^
../../nan/nan.h:112:25: note: previous declaration ‘template<class T> v8::Local<T> NanNew<T>’
 v8::Local<T> NanNew(v8::Handle<T>);
                         ^~~~~~
../../nan/nan.h:204:11: warning: inline variables are only available with -std=c++17 or -std=gnu++17
       v8::Handle<v8::FunctionTemplate> receiver
           ^~~~~~
../../nan/nan.h:204:11: warning: ‘always_inline’ attribute ignored [-Wattributes]
../../nan/nan.h:204:11: error: redeclaration of ‘template<class T> v8::Local<v8::Signature> NanNew’
../../nan/nan.h:112:25: note: previous declaration ‘template<class T> v8::Local<T> NanNew<T>’
 v8::Local<T> NanNew(v8::Handle<T>);
                         ^~~~~~
../../nan/nan.h:204:11: error: ‘Handle’ is not a member of ‘v8’
       v8::Handle<v8::FunctionTemplate> receiver
           ^~~~~~
../../nan/nan.h:204:11: note: suggested alternative: ‘JobHandle’
       v8::Handle<v8::FunctionTemplate> receiver
           ^~~~~~
           JobHandle
../../nan/nan.h:204:38: error: expected primary-expression before ‘>’ token
       v8::Handle<v8::FunctionTemplate> receiver
                                      ^
../../nan/nan.h:204:40: error: ‘receiver’ was not declared in this scope
       v8::Handle<v8::FunctionTemplate> receiver
                                        ^~~~~~~~
../../nan/nan.h:204:40: note: suggested alternative: ‘recv’
       v8::Handle<v8::FunctionTemplate> receiver
                                        ^~~~~~~~
                                        recv
../../nan/nan.h:205:7: error: expected primary-expression before ‘int’
     , int argc
       ^~~
../../nan/nan.h:206:11: error: ‘Handle’ is not a member of ‘v8’
     , v8::Handle<v8::FunctionTemplate> argv[] = 0) {
           ^~~~~~
../../nan/nan.h:206:11: note: suggested alternative: ‘JobHandle’
     , v8::Handle<v8::FunctionTemplate> argv[] = 0) {
           ^~~~~~
           JobHandle
../../nan/nan.h:206:38: error: expected primary-expression before ‘>’ token
     , v8::Handle<v8::FunctionTemplate> argv[] = 0) {
                                      ^
../../nan/nan.h:206:40: error: ‘argv’ was not declared in this scope
     , v8::Handle<v8::FunctionTemplate> argv[] = 0) {
                                        ^~~~
../../nan/nan.h:206:45: error: expected primary-expression before ‘]’ token
     , v8::Handle<v8::FunctionTemplate> argv[] = 0) {
                                             ^
../../nan/nan.h:206:51: error: expected ‘;’ before ‘{’ token
     , v8::Handle<v8::FunctionTemplate> argv[] = 0) {
                                                   ^~
                                                   ;
../../nan/nan.h:213:11: error: ‘v8::Handle’ has not been declared
     , v8::Handle<v8::Value> data = v8::Handle<v8::Value>()
           ^~~~~~
../../nan/nan.h:213:17: error: expected ‘,’ or ‘...’ before ‘<’ token
     , v8::Handle<v8::Value> data = v8::Handle<v8::Value>()
                 ^
../../nan/nan.h:214:72: error: ‘template<class T> v8::Local<v8::FunctionTemplate> NanNew(NanFunctionCallback, int)’ conflicts with a previous declaration
     , v8::Handle<v8::Signature> signature = v8::Handle<v8::Signature>()) {
                                                                        ^
../../nan/nan.h:112:25: note: previous declaration ‘template<class T> v8::Local<T> NanNew<T>’
 v8::Local<T> NanNew(v8::Handle<T>);
                         ^~~~~~
../../nan/nan.h: In function ‘v8::Local<v8::FunctionTemplate> NanNew(NanFunctionCallback, int)’:
../../nan/nan.h:215:56: error: ‘data’ was not declared in this scope
     return T::New(v8::Isolate::GetCurrent(), callback, data, signature);
                                                        ^~~~
../../nan/nan.h:215:62: error: ‘signature’ was not declared in this scope
     return T::New(v8::Isolate::GetCurrent(), callback, data, signature);
                                                              ^~~~~~~~~
../../nan/nan.h:215:62: note: suggested alternative: ‘sigreturn’
     return T::New(v8::Isolate::GetCurrent(), callback, data, signature);
                                                              ^~~~~~~~~
                                                              sigreturn
../../nan/nan.h: At global scope:
../../nan/nan.h:219:38: warning: inline variables are only available with -std=c++17 or -std=gnu++17
   NAN_INLINE v8::Local<T> NanNew(v8::Handle<T> arg1) {
                                      ^~~~~~
../../nan/nan.h:219:38: warning: ‘always_inline’ attribute ignored [-Wattributes]
../../nan/nan.h:219:38: error: ‘Handle’ is not a member of ‘v8’
../../nan/nan.h:219:38: note: suggested alternative: ‘JobHandle’
   NAN_INLINE v8::Local<T> NanNew(v8::Handle<T> arg1) {
                                      ^~~~~~
                                      JobHandle
../../nan/nan.h:219:46: error: expected primary-expression before ‘>’ token
   NAN_INLINE v8::Local<T> NanNew(v8::Handle<T> arg1) {
                                              ^
../../nan/nan.h:219:48: error: ‘arg1’ was not declared in this scope
   NAN_INLINE v8::Local<T> NanNew(v8::Handle<T> arg1) {
                                                ^~~~
../../nan/nan.h:219:53: error: expected ‘;’ before ‘{’ token
   NAN_INLINE v8::Local<T> NanNew(v8::Handle<T> arg1) {
                                                     ^~
                                                     ;
../../nan/nan.h:224:63: error: ‘template<class T> v8::Local<T> NanNew(const v8::Persistent<T, v8::NonCopyablePersistentTraits<T> >&)’ conflicts with a previous declaration
   NAN_INLINE v8::Local<T> NanNew(const v8::Persistent<T> &arg1) {
                                                               ^
../../nan/nan.h:112:25: note: previous declaration ‘template<class T> v8::Local<T> NanNew<T>’
 v8::Local<T> NanNew(v8::Handle<T>);
                         ^~~~~~
../../nan/nan.h:229:50: error: ‘template<class T, class P> v8::Local<T> NanNew(P, int)’ conflicts with a previous declaration
   NAN_INLINE v8::Local<T> NanNew(P arg1, int arg2) {
                                                  ^
../../nan/nan.h:112:25: note: previous declaration ‘template<class T> v8::Local<T> NanNew<T>’
 v8::Local<T> NanNew(v8::Handle<T>);
                         ^~~~~~
../../nan/nan.h:234:53: error: ‘template<class T> v8::Local<T> NanNew<T>’ is not a function template
   NAN_INLINE v8::Local<v8::Array> NanNew<v8::Array>() {
                                                     ^
../../nan/nan.h:239:63: error: ‘template<class T> v8::Local<T> NanNew<T>’ is not a function template
   NAN_INLINE v8::Local<v8::Array> NanNew<v8::Array>(int length) {
                                                               ^
../../nan/nan.h:244:62: error: ‘template<class T> v8::Local<T> NanNew<T>’ is not a function template
   NAN_INLINE v8::Local<v8::Date> NanNew<v8::Date>(double time) {
                                                              ^
../../nan/nan.h:249:59: error: ‘template<class T> v8::Local<T> NanNew<T>’ is not a function template
   NAN_INLINE v8::Local<v8::Date> NanNew<v8::Date>(int time) {
                                                           ^
../../nan/nan.h:260:3: error: ‘template<class T, class P> v8::Local<T> NanNew(P, const v8::ScriptOrigin&)’ conflicts with a previous declaration
   ) {
   ^
../../nan/nan.h:112:25: note: previous declaration ‘template<class T> v8::Local<T> NanNew<T>’
 v8::Local<T> NanNew(v8::Handle<T>);
                         ^~~~~~
../../nan/nan.h: In function ‘v8::Local<T> NanNew(P, const v8::ScriptOrigin&)’:
../../nan/nan.h:262:32: error: ‘CompileUnbound’ is not a member of ‘v8::ScriptCompiler’
     return v8::ScriptCompiler::CompileUnbound(
                                ^~~~~~~~~~~~~~
../../nan/nan.h: At global scope:
../../nan/nan.h:269:3: error: ‘template<class T> v8::Local<T> NanNew<T>’ is not a function template
   ) {
   ^
../../nan/nan.h:276:60: error: ‘NanNew’ is not a template function
   NAN_INLINE v8::Local<v8::BooleanObject> NanNew(bool value) {
                                                            ^
../../nan/nan.h:283:34: error: ‘template<class T> v8::Local<T> NanNew<T>’ is not a function template
       v8::Local<v8::String> value) {
                                  ^
../../nan/nan.h:289:32: error: ‘Handle’ is not a member of ‘v8’
   NanNew<v8::StringObject, v8::Handle<v8::String> >(
                                ^~~~~~
../../nan/nan.h:289:32: note: suggested alternative: ‘JobHandle’
   NanNew<v8::StringObject, v8::Handle<v8::String> >(
                                ^~~~~~
                                JobHandle
../../nan/nan.h:289:32: error: ‘Handle’ is not a member of ‘v8’
../../nan/nan.h:289:32: note: suggested alternative: ‘JobHandle’
   NanNew<v8::StringObject, v8::Handle<v8::String> >(
                                ^~~~~~
                                JobHandle
../../nan/nan.h:289:3: error: parse error in template argument list
   NanNew<v8::StringObject, v8::Handle<v8::String> >(
   ^~~~~~~~~~~~~~~~~~~~~~~~~~~~~~~~~~~~~~~~~~~~~~~
../../nan/nan.h:289:51: error: expected initializer before ‘>’ token
   NanNew<v8::StringObject, v8::Handle<v8::String> >(
                                                   ^
../../nan/nan.h:295:77: error: ‘template<class T> v8::Local<T> NanNew<T>’ is not a function template
   NAN_INLINE v8::Local<v8::NumberObject> NanNew<v8::NumberObject>(double val) {
                                                                             ^
../../nan/nan.h:302:11: warning: inline variables are only available with -std=c++17 or -std=gnu++17
       v8::Handle<v8::String> pattern, v8::RegExp::Flags flags) {
           ^~~~~~
../../nan/nan.h:302:11: warning: ‘always_inline’ attribute ignored [-Wattributes]
../../nan/nan.h:302:11: error: redeclaration of ‘template<class T> v8::Local<v8::RegExp> NanNew’
../../nan/nan.h:112:25: note: previous declaration ‘template<class T> v8::Local<T> NanNew<T>’
 v8::Local<T> NanNew(v8::Handle<T>);
                         ^~~~~~
../../nan/nan.h:302:11: error: ‘Handle’ is not a member of ‘v8’
       v8::Handle<v8::String> pattern, v8::RegExp::Flags flags) {
           ^~~~~~
../../nan/nan.h:302:11: note: suggested alternative: ‘JobHandle’
       v8::Handle<v8::String> pattern, v8::RegExp::Flags flags) {
           ^~~~~~
           JobHandle
../../nan/nan.h:302:28: error: expected primary-expression before ‘>’ token
       v8::Handle<v8::String> pattern, v8::RegExp::Flags flags) {
                            ^
../../nan/nan.h:302:30: error: ‘pattern’ was not declared in this scope
       v8::Handle<v8::String> pattern, v8::RegExp::Flags flags) {
                              ^~~~~~~
../../nan/nan.h:302:30: note: suggested alternative: ‘extern’
       v8::Handle<v8::String> pattern, v8::RegExp::Flags flags) {
                              ^~~~~~~
                              extern
../../nan/nan.h:302:57: error: expected primary-expression before ‘flags’
       v8::Handle<v8::String> pattern, v8::RegExp::Flags flags) {
                                                         ^~~~~
../../nan/nan.h:302:63: error: expected ‘;’ before ‘{’ token
       v8::Handle<v8::String> pattern, v8::RegExp::Flags flags) {
                                                               ^~
                                                               ;
../../nan/nan.h:308:61: error: ‘template<class T> v8::Local<v8::RegExp> NanNew(v8::Local<v8::String>, v8::RegExp::Flags)’ conflicts with a previous declaration
       v8::Local<v8::String> pattern, v8::RegExp::Flags flags) {
                                                             ^
../../nan/nan.h:112:25: note: previous declaration ‘template<class T> v8::Local<T> NanNew<T>’
 v8::Local<T> NanNew(v8::Handle<T>);
                         ^~~~~~
../../nan/nan.h: In function ‘v8::Local<v8::RegExp> NanNew(v8::Local<v8::String>, v8::RegExp::Flags)’:
../../nan/nan.h:309:42: error: no matching function for call to ‘v8::RegExp::New(v8::Local<v8::String>&, v8::RegExp::Flags&)’
     return v8::RegExp::New(pattern, flags);
                                          ^
In file included from ../src/bufferutil.cc:7:
/home/pi/.cache/node-gyp/15.4.0/include/node/v8.h:5958:51: note: candidate: ‘static v8::MaybeLocal<v8::RegExp> v8::RegExp::New(v8::Local<v8::Context>, v8::Local<v8::String>, v8::RegExp::Flags)’
   static V8_WARN_UNUSED_RESULT MaybeLocal<RegExp> New(Local<Context> context,
                                                   ^~~
/home/pi/.cache/node-gyp/15.4.0/include/node/v8.h:5958:51: note:   candidate expects 3 arguments, 2 provided
In file included from ../src/bufferutil.cc:15:
../../nan/nan.h: At global scope:
../../nan/nan.h:314:11: warning: inline variables are only available with -std=c++17 or -std=gnu++17
       v8::Handle<v8::String> pattern, v8::RegExp::Flags flags) {
           ^~~~~~
../../nan/nan.h:314:11: warning: ‘always_inline’ attribute ignored [-Wattributes]
../../nan/nan.h:314:11: error: redeclaration of ‘template<class T, class P> v8::Local<v8::RegExp> NanNew’
../../nan/nan.h:112:25: note: previous declaration ‘template<class T> v8::Local<T> NanNew<T>’
 v8::Local<T> NanNew(v8::Handle<T>);
                         ^~~~~~
../../nan/nan.h:314:11: error: ‘Handle’ is not a member of ‘v8’
       v8::Handle<v8::String> pattern, v8::RegExp::Flags flags) {
           ^~~~~~
../../nan/nan.h:314:11: note: suggested alternative: ‘JobHandle’
       v8::Handle<v8::String> pattern, v8::RegExp::Flags flags) {
           ^~~~~~
           JobHandle
../../nan/nan.h:314:28: error: expected primary-expression before ‘>’ token
       v8::Handle<v8::String> pattern, v8::RegExp::Flags flags) {
                            ^
../../nan/nan.h:314:30: error: ‘pattern’ was not declared in this scope
       v8::Handle<v8::String> pattern, v8::RegExp::Flags flags) {
                              ^~~~~~~
../../nan/nan.h:314:30: note: suggested alternative: ‘extern’
       v8::Handle<v8::String> pattern, v8::RegExp::Flags flags) {
                              ^~~~~~~
                              extern
../../nan/nan.h:314:57: error: expected primary-expression before ‘flags’
       v8::Handle<v8::String> pattern, v8::RegExp::Flags flags) {
                                                         ^~~~~
../../nan/nan.h:314:63: error: expected ‘;’ before ‘{’ token
       v8::Handle<v8::String> pattern, v8::RegExp::Flags flags) {
                                                               ^~
                                                               ;
../../nan/nan.h:320:61: error: ‘template<class T, class P> v8::Local<v8::RegExp> NanNew(v8::Local<v8::String>, v8::RegExp::Flags)’ conflicts with a previous declaration
       v8::Local<v8::String> pattern, v8::RegExp::Flags flags) {
                                                             ^
../../nan/nan.h:112:25: note: previous declaration ‘template<class T> v8::Local<T> NanNew<T>’
 v8::Local<T> NanNew(v8::Handle<T>);
                         ^~~~~~
../../nan/nan.h: In function ‘v8::Local<v8::RegExp> NanNew(v8::Local<v8::String>, v8::RegExp::Flags)’:
../../nan/nan.h:321:42: error: no matching function for call to ‘v8::RegExp::New(v8::Local<v8::String>&, v8::RegExp::Flags&)’
     return v8::RegExp::New(pattern, flags);
                                          ^
In file included from ../src/bufferutil.cc:7:
/home/pi/.cache/node-gyp/15.4.0/include/node/v8.h:5958:51: note: candidate: ‘static v8::MaybeLocal<v8::RegExp> v8::RegExp::New(v8::Local<v8::Context>, v8::Local<v8::String>, v8::RegExp::Flags)’
   static V8_WARN_UNUSED_RESULT MaybeLocal<RegExp> New(Local<Context> context,
                                                   ^~~
/home/pi/.cache/node-gyp/15.4.0/include/node/v8.h:5958:51: note:   candidate expects 3 arguments, 2 provided
In file included from ../src/bufferutil.cc:15:
../../nan/nan.h: At global scope:
../../nan/nan.h:325:75: error: ‘template<class T> v8::Local<T> NanNew<T>’ is not a function template
   NAN_INLINE v8::Local<v8::Uint32> NanNew<v8::Uint32, int32_t>(int32_t val) {
                                                                           ^
../../nan/nan.h:331:77: error: ‘template<class T> v8::Local<T> NanNew<T>’ is not a function template
   NAN_INLINE v8::Local<v8::Uint32> NanNew<v8::Uint32, uint32_t>(uint32_t val) {
                                                                             ^
../../nan/nan.h:337:73: error: ‘template<class T> v8::Local<T> NanNew<T>’ is not a function template
   NAN_INLINE v8::Local<v8::Int32> NanNew<v8::Int32, int32_t>(int32_t val) {
                                                                         ^
../../nan/nan.h:342:75: error: ‘template<class T> v8::Local<T> NanNew<T>’ is not a function template
   NAN_INLINE v8::Local<v8::Int32> NanNew<v8::Int32, uint32_t>(uint32_t val) {
                                                                           ^
../../nan/nan.h:347:79: error: ‘template<class T> v8::Local<T> NanNew<T>’ is not a function template
   NAN_INLINE v8::Local<v8::Integer> NanNew<v8::Integer, uint32_t>(uint32_t val) {
                                                                               ^
../../nan/nan.h:354:17: error: ‘template<class T> v8::Local<T> NanNew<T>’ is not a function template
     , int length) {
                 ^
../../nan/nan.h:365:17: error: ‘template<class T> v8::Local<T> NanNew<T>’ is not a function template
     , int length) {
                 ^
../../nan/nan.h:374:72: error: ‘template<class T> v8::Local<T> NanNew<T>’ is not a function template
   NAN_INLINE v8::Local<v8::String> NanNew<v8::String, char *>(char *arg) {
                                                                        ^
../../nan/nan.h:380:22: error: ‘template<class T> v8::Local<T> NanNew<T>’ is not a function template
       const char *arg) {
                      ^
../../nan/nan.h:387:17: error: ‘template<class T> v8::Local<T> NanNew<T>’ is not a function template
     , int length) {
                 ^
../../nan/nan.h:398:17: error: ‘template<class T> v8::Local<T> NanNew<T>’ is not a function template
     , int length) {
                 ^
../../nan/nan.h:407:78: error: ‘template<class T> v8::Local<T> NanNew<T>’ is not a function template
   NAN_INLINE v8::Local<v8::String> NanNew<v8::String, uint8_t *>(uint8_t *arg) {
                                                                              ^
../../nan/nan.h:413:25: error: ‘template<class T> v8::Local<T> NanNew<T>’ is not a function template
       const uint8_t *arg) {
                         ^
../../nan/nan.h:420:17: error: ‘template<class T> v8::Local<T> NanNew<T>’ is not a function template
     , int length) {
                 ^
../../nan/nan.h:431:17: error: ‘template<class T> v8::Local<T> NanNew<T>’ is not a function template
     , int length) {
                 ^
../../nan/nan.h:440:20: error: ‘template<class T> v8::Local<T> NanNew<T>’ is not a function template
       uint16_t *arg) {
                    ^
../../nan/nan.h:446:26: error: ‘template<class T> v8::Local<T> NanNew<T>’ is not a function template
       const uint16_t *arg) {
                          ^
../../nan/nan.h:452:22: error: ‘template<class T> v8::Local<T> NanNew<T>’ is not a function template
       std::string arg) {
                      ^
../../nan/nan.h:457:55: error: ‘template<class T> v8::Local<T> NanNew<T>’ is not a function template
   NAN_INLINE v8::Local<v8::String> NanNew<v8::String>() {
                                                       ^
../../nan/nan.h:461:75: error: ‘v8::Local<v8::String> NanNew(const char*, int)’ redeclared as different kind of symbol
   NAN_INLINE v8::Local<v8::String> NanNew(const char* arg, int length = -1) {
                                                                           ^
../../nan/nan.h:112:25: note: previous declaration ‘template<class T> v8::Local<T> NanNew<T>’
 v8::Local<T> NanNew(v8::Handle<T>);
                         ^~~~~~
../../nan/nan.h: In function ‘v8::Local<v8::String> NanNew(const char*, int)’:
../../nan/nan.h:462:42: error: no match for call to ‘(v8::Local<v8::String>) (const char*&, int&)’
     return NanNew<v8::String>(arg, length);
                                          ^
../../nan/nan.h: At global scope:
../../nan/nan.h:467:22: error: ‘v8::Local<v8::String> NanNew(const uint8_t*, int)’ redeclared as different kind of symbol
     , int length = -1) {
                      ^
../../nan/nan.h:112:14: note: previous declaration ‘template<class T> v8::Local<T> NanNew<T>’
 v8::Local<T> NanNew(v8::Handle<T>);
              ^~~~~~
../../nan/nan.h: In function ‘v8::Local<v8::String> NanNew(const uint8_t*, int)’:
../../nan/nan.h:468:42: error: no match for call to ‘(v8::Local<v8::String>) (const uint8_t*&, int&)’
     return NanNew<v8::String>(arg, length);
                                          ^
../../nan/nan.h: At global scope:
../../nan/nan.h:473:22: error: ‘v8::Local<v8::String> NanNew(const uint16_t*, int)’ redeclared as different kind of symbol
     , int length = -1) {
                      ^
../../nan/nan.h:112:14: note: previous declaration ‘template<class T> v8::Local<T> NanNew<T>’
 v8::Local<T> NanNew(v8::Handle<T>);
              ^~~~~~
../../nan/nan.h: In function ‘v8::Local<v8::String> NanNew(const uint16_t*, int)’:
../../nan/nan.h:474:42: error: no match for call to ‘(v8::Local<v8::String>) (const uint16_t*&, int&)’
     return NanNew<v8::String>(arg, length);
                                          ^
../../nan/nan.h: At global scope:
../../nan/nan.h:478:29: error: ‘v8::Local<v8::String> NanNew(const string&)’ redeclared as different kind of symbol
       const std::string& arg) {
                             ^
../../nan/nan.h:112:14: note: previous declaration ‘template<class T> v8::Local<T> NanNew<T>’
 v8::Local<T> NanNew(v8::Handle<T>);
              ^~~~~~
../../nan/nan.h: In function ‘v8::Local<v8::String> NanNew(const string&)’:
../../nan/nan.h:479:72: error: no match for call to ‘(v8::Local<v8::String>) (const char*, int)’
     return NanNew<v8::String>(arg.c_str(), static_cast<int>(arg.size()));
                                                                        ^
../../nan/nan.h: At global scope:
../../nan/nan.h:482:53: error: ‘v8::Local<v8::Number> NanNew(double)’ redeclared as different kind of symbol
   NAN_INLINE v8::Local<v8::Number> NanNew(double val) {
                                                     ^
../../nan/nan.h:112:14: note: previous declaration ‘template<class T> v8::Local<T> NanNew<T>’
 v8::Local<T> NanNew(v8::Handle<T>);
              ^~~~~~
../../nan/nan.h: In function ‘v8::Local<v8::Number> NanNew(double)’:
../../nan/nan.h:483:34: error: no match for call to ‘(v8::Local<v8::Number>) (double&)’
     return NanNew<v8::Number>(val);
                                  ^
../../nan/nan.h: At global scope:
../../nan/nan.h:486:51: error: ‘v8::Local<v8::Integer> NanNew(int)’ redeclared as different kind of symbol
   NAN_INLINE v8::Local<v8::Integer> NanNew(int val) {
                                                   ^
../../nan/nan.h:112:14: note: previous declaration ‘template<class T> v8::Local<T> NanNew<T>’
 v8::Local<T> NanNew(v8::Handle<T>);
              ^~~~~~
../../nan/nan.h: In function ‘v8::Local<v8::Integer> NanNew(int)’:
../../nan/nan.h:487:35: error: no match for call to ‘(v8::Local<v8::Integer>) (int&)’
     return NanNew<v8::Integer>(val);
                                   ^
../../nan/nan.h: At global scope:
../../nan/nan.h:490:59: error: ‘v8::Local<v8::Uint32> NanNew(unsigned int)’ redeclared as different kind of symbol
   NAN_INLINE v8::Local<v8::Uint32> NanNew(unsigned int val) {
                                                           ^
../../nan/nan.h:112:14: note: previous declaration ‘template<class T> v8::Local<T> NanNew<T>’
 v8::Local<T> NanNew(v8::Handle<T>);
              ^~~~~~
../../nan/nan.h: In function ‘v8::Local<v8::Uint32> NanNew(unsigned int)’:
../../nan/nan.h:491:34: error: no match for call to ‘(v8::Local<v8::Uint32>) (unsigned int&)’
     return NanNew<v8::Uint32>(val);
                                  ^
../../nan/nan.h: At global scope:
../../nan/nan.h:494:52: error: ‘v8::Local<v8::Boolean> NanNew(bool)’ redeclared as different kind of symbol
   NAN_INLINE v8::Local<v8::Boolean> NanNew(bool val) {
                                                    ^
../../nan/nan.h:112:14: note: previous declaration ‘template<class T> v8::Local<T> NanNew<T>’
 v8::Local<T> NanNew(v8::Handle<T>);
              ^~~~~~
../../nan/nan.h: In function ‘v8::Local<v8::Boolean> NanNew(bool)’:
../../nan/nan.h:495:35: error: no match for call to ‘(v8::Local<v8::Boolean>) (bool&)’
     return NanNew<v8::Boolean>(val);
                                   ^
../../nan/nan.h: At global scope:
../../nan/nan.h:499:51: error: ‘v8::Local<v8::String> NanNew(v8::String::ExternalStringResource*)’ redeclared as different kind of symbol
       v8::String::ExternalStringResource *resource) {
                                                   ^
../../nan/nan.h:112:14: note: previous declaration ‘template<class T> v8::Local<T> NanNew<T>’
 v8::Local<T> NanNew(v8::Handle<T>);
              ^~~~~~
../../nan/nan.h: In function ‘v8::Local<v8::String> NanNew(v8::String::ExternalStringResource*)’:
../../nan/nan.h:500:24: error: ‘NewExternal’ is not a member of ‘v8::String’
     return v8::String::NewExternal(v8::Isolate::GetCurrent(), resource);
                        ^~~~~~~~~~~
../../nan/nan.h: At global scope:
../../nan/nan.h:505:58: error: ‘v8::Local<v8::String> NanNew(v8::String::ExternalOneByteStringResource*)’ redeclared as different kind of symbol
       v8::String::ExternalOneByteStringResource *resource) {
                                                          ^
../../nan/nan.h:112:14: note: previous declaration ‘template<class T> v8::Local<T> NanNew<T>’
 v8::Local<T> NanNew(v8::Handle<T>);
              ^~~~~~
../../nan/nan.h: In function ‘v8::Local<v8::String> NanNew(v8::String::ExternalOneByteStringResource*)’:
../../nan/nan.h:510:24: error: ‘NewExternal’ is not a member of ‘v8::String’
     return v8::String::NewExternal(v8::Isolate::GetCurrent(), resource);
                        ^~~~~~~~~~~
../../nan/nan.h: In function ‘v8::Local<v8::Primitive> NanUndefined()’:
../../nan/nan.h:517:58: error: missing template arguments before ‘(’ token
 # define NanEscapeScope(val) scope.Escape(_NanEnsureLocal(val))
                                                          ^
../../nan/nan.h:531:12: note: in expansion of macro ‘NanEscapeScope’
     return NanEscapeScope(NanNew(v8::Undefined(v8::Isolate::GetCurrent())));
            ^~~~~~~~~~~~~~
../../nan/nan.h:531:33: error: missing template arguments before ‘(’ token
     return NanEscapeScope(NanNew(v8::Undefined(v8::Isolate::GetCurrent())));
                                 ^
../../nan/nan.h:517:59: note: in definition of macro ‘NanEscapeScope’
 # define NanEscapeScope(val) scope.Escape(_NanEnsureLocal(val))
                                                           ^~~
../../nan/nan.h: In function ‘v8::Local<v8::Primitive> NanNull()’:
../../nan/nan.h:517:58: error: missing template arguments before ‘(’ token
 # define NanEscapeScope(val) scope.Escape(_NanEnsureLocal(val))
                                                          ^
../../nan/nan.h:536:12: note: in expansion of macro ‘NanEscapeScope’
     return NanEscapeScope(NanNew(v8::Null(v8::Isolate::GetCurrent())));
            ^~~~~~~~~~~~~~
../../nan/nan.h:536:33: error: missing template arguments before ‘(’ token
     return NanEscapeScope(NanNew(v8::Null(v8::Isolate::GetCurrent())));
                                 ^
../../nan/nan.h:517:59: note: in definition of macro ‘NanEscapeScope’
 # define NanEscapeScope(val) scope.Escape(_NanEnsureLocal(val))
                                                           ^~~
../../nan/nan.h: In function ‘v8::Local<v8::Boolean> NanTrue()’:
../../nan/nan.h:517:58: error: missing template arguments before ‘(’ token
 # define NanEscapeScope(val) scope.Escape(_NanEnsureLocal(val))
                                                          ^
../../nan/nan.h:541:12: note: in expansion of macro ‘NanEscapeScope’
     return NanEscapeScope(NanNew(v8::True(v8::Isolate::GetCurrent())));
            ^~~~~~~~~~~~~~
../../nan/nan.h:541:33: error: missing template arguments before ‘(’ token
     return NanEscapeScope(NanNew(v8::True(v8::Isolate::GetCurrent())));
                                 ^
../../nan/nan.h:517:59: note: in definition of macro ‘NanEscapeScope’
 # define NanEscapeScope(val) scope.Escape(_NanEnsureLocal(val))
                                                           ^~~
../../nan/nan.h: In function ‘v8::Local<v8::Boolean> NanFalse()’:
../../nan/nan.h:517:58: error: missing template arguments before ‘(’ token
 # define NanEscapeScope(val) scope.Escape(_NanEnsureLocal(val))
                                                          ^
../../nan/nan.h:546:12: note: in expansion of macro ‘NanEscapeScope’
     return NanEscapeScope(NanNew(v8::False(v8::Isolate::GetCurrent())));
            ^~~~~~~~~~~~~~
../../nan/nan.h:546:33: error: missing template arguments before ‘(’ token
     return NanEscapeScope(NanNew(v8::False(v8::Isolate::GetCurrent())));
                                 ^
../../nan/nan.h:517:59: note: in definition of macro ‘NanEscapeScope’
 # define NanEscapeScope(val) scope.Escape(_NanEnsureLocal(val))
                                                           ^~~
../../nan/nan.h: At global scope:
../../nan/nan.h:555:11: error: variable or field ‘NanSetTemplate’ declared void
       v8::Handle<v8::Template> templ
           ^~~~~~
../../nan/nan.h:555:11: error: ‘Handle’ is not a member of ‘v8’
../../nan/nan.h:555:11: note: suggested alternative: ‘JobHandle’
       v8::Handle<v8::Template> templ
           ^~~~~~
           JobHandle
../../nan/nan.h:555:30: error: expected primary-expression before ‘>’ token
       v8::Handle<v8::Template> templ
                              ^
../../nan/nan.h:555:32: error: ‘templ’ was not declared in this scope
       v8::Handle<v8::Template> templ
                                ^~~~~
../../nan/nan.h:556:7: error: expected primary-expression before ‘const’
     , const char *name
       ^~~~~
../../nan/nan.h:557:11: error: ‘Handle’ is not a member of ‘v8’
     , v8::Handle<v8::Data> value) {
           ^~~~~~
../../nan/nan.h:557:11: note: suggested alternative: ‘JobHandle’
     , v8::Handle<v8::Data> value) {
           ^~~~~~
           JobHandle
../../nan/nan.h:557:26: error: expected primary-expression before ‘>’ token
     , v8::Handle<v8::Data> value) {
                          ^
../../nan/nan.h:557:28: error: ‘value’ was not declared in this scope
     , v8::Handle<v8::Data> value) {
                            ^~~~~
../../nan/nan.h:562:11: error: variable or field ‘NanSetTemplate’ declared void
       v8::Handle<v8::Template> templ
           ^~~~~~
../../nan/nan.h:562:11: error: ‘Handle’ is not a member of ‘v8’
../../nan/nan.h:562:11: note: suggested alternative: ‘JobHandle’
       v8::Handle<v8::Template> templ
           ^~~~~~
           JobHandle
../../nan/nan.h:562:30: error: expected primary-expression before ‘>’ token
       v8::Handle<v8::Template> templ
                              ^
../../nan/nan.h:562:32: error: ‘templ’ was not declared in this scope
       v8::Handle<v8::Template> templ
                                ^~~~~
../../nan/nan.h:563:11: error: ‘Handle’ is not a member of ‘v8’
     , v8::Handle<v8::String> name
           ^~~~~~
../../nan/nan.h:563:11: note: suggested alternative: ‘JobHandle’
     , v8::Handle<v8::String> name
           ^~~~~~
           JobHandle
../../nan/nan.h:563:28: error: expected primary-expression before ‘>’ token
     , v8::Handle<v8::String> name
                            ^
../../nan/nan.h:563:30: error: ‘name’ was not declared in this scope
     , v8::Handle<v8::String> name
                              ^~~~
../../nan/nan.h:563:30: note: suggested alternative: ‘node’
     , v8::Handle<v8::String> name
                              ^~~~
                              node
../../nan/nan.h:564:11: error: ‘Handle’ is not a member of ‘v8’
     , v8::Handle<v8::Data> value
           ^~~~~~
../../nan/nan.h:564:11: note: suggested alternative: ‘JobHandle’
     , v8::Handle<v8::Data> value
           ^~~~~~
           JobHandle
../../nan/nan.h:564:26: error: expected primary-expression before ‘>’ token
     , v8::Handle<v8::Data> value
                          ^
../../nan/nan.h:564:28: error: ‘value’ was not declared in this scope
     , v8::Handle<v8::Data> value
                            ^~~~~
../../nan/nan.h:565:29: error: expected primary-expression before ‘attributes’
     , v8::PropertyAttribute attributes) {
                             ^~~~~~~~~~
../../nan/nan.h:574:11: warning: inline variables are only available with -std=c++17 or -std=gnu++17
       v8::Handle<v8::Object> object
           ^~~~~~
../../nan/nan.h:574:11: warning: ‘always_inline’ attribute ignored [-Wattributes]
../../nan/nan.h:574:11: error: ‘Handle’ is not a member of ‘v8’
../../nan/nan.h:574:11: note: suggested alternative: ‘JobHandle’
       v8::Handle<v8::Object> object
           ^~~~~~
           JobHandle
../../nan/nan.h:574:28: error: expected primary-expression before ‘>’ token
       v8::Handle<v8::Object> object
                            ^
../../nan/nan.h:574:30: error: ‘object’ was not declared in this scope
       v8::Handle<v8::Object> object
                              ^~~~~~
../../nan/nan.h:574:30: note: suggested alternative: ‘connect’
       v8::Handle<v8::Object> object
                              ^~~~~~
                              connect
../../nan/nan.h:575:7: error: expected primary-expression before ‘int’
     , int index) {
       ^~~
../../nan/nan.h:575:16: error: expression list treated as compound expression in initializer [-fpermissive]
     , int index) {
                ^
../../nan/nan.h:580:11: error: variable or field ‘NanSetInternalFieldPointer’ declared void
       v8::Handle<v8::Object> object
           ^~~~~~
../../nan/nan.h:580:11: error: ‘Handle’ is not a member of ‘v8’
../../nan/nan.h:580:11: note: suggested alternative: ‘JobHandle’
       v8::Handle<v8::Object> object
           ^~~~~~
           JobHandle
../../nan/nan.h:580:28: error: expected primary-expression before ‘>’ token
       v8::Handle<v8::Object> object
                            ^
../../nan/nan.h:580:30: error: ‘object’ was not declared in this scope
       v8::Handle<v8::Object> object
                              ^~~~~~
../../nan/nan.h:580:30: note: suggested alternative: ‘connect’
       v8::Handle<v8::Object> object
                              ^~~~~~
                              connect
../../nan/nan.h:581:7: error: expected primary-expression before ‘int’
     , int index
       ^~~
../../nan/nan.h:582:7: error: expected primary-expression before ‘void’
     , void* value) {
       ^~~~
../../nan/nan.h:590:20: error: variable or field ‘NanAddGCEpilogueCallback’ declared void
       v8::Isolate::GCEpilogueCallback callback
                    ^~~~~~~~~~~~~~~~~~
../../nan/nan.h:590:20: error: ‘GCEpilogueCallback’ is not a member of ‘v8::Isolate’
../../nan/nan.h:591:18: error: expected primary-expression before ‘gc_type_filter’
     , v8::GCType gc_type_filter = v8::kGCTypeAll) {
                  ^~~~~~~~~~~~~~
../../nan/nan.h:596:20: error: variable or field ‘NanRemoveGCEpilogueCallback’ declared void
       v8::Isolate::GCEpilogueCallback callback) {
                    ^~~~~~~~~~~~~~~~~~
../../nan/nan.h:596:20: error: ‘GCEpilogueCallback’ is not a member of ‘v8::Isolate’
../../nan/nan.h:601:20: error: variable or field ‘NanAddGCPrologueCallback’ declared void
       v8::Isolate::GCPrologueCallback callback
                    ^~~~~~~~~~~~~~~~~~
../../nan/nan.h:601:20: error: ‘GCPrologueCallback’ is not a member of ‘v8::Isolate’
../../nan/nan.h:602:18: error: expected primary-expression before ‘gc_type_filter’
     , v8::GCType gc_type_filter = v8::kGCTypeAll) {
                  ^~~~~~~~~~~~~~
../../nan/nan.h:607:20: error: variable or field ‘NanRemoveGCPrologueCallback’ declared void
       v8::Isolate::GCPrologueCallback callback) {
                    ^~~~~~~~~~~~~~~~~~
../../nan/nan.h:607:20: error: ‘GCPrologueCallback’ is not a member of ‘v8::Isolate’
../../nan/nan.h: In function ‘v8::Local<v8::String> NanSymbol(const char*, int)’:
../../nan/nan.h:618:43: error: no match for call to ‘(v8::Local<v8::String>) (const char*&, int&)’
     return NanNew<v8::String>(data, length);
                                           ^
../../nan/nan.h: At global scope:
../../nan/nan.h:624:11: error: ‘v8::Handle’ has not been declared
     , v8::Handle<T> obj) {
           ^~~~~~
../../nan/nan.h:624:17: error: expected ‘,’ or ‘...’ before ‘<’ token
     , v8::Handle<T> obj) {
                 ^
../../nan/nan.h: In function ‘void NanAssignPersistent(v8::Persistent<T, v8::NonCopyablePersistentTraits<T> >&, int)’:
../../nan/nan.h:625:47: error: ‘obj’ was not declared in this scope
       handle.Reset(v8::Isolate::GetCurrent(), obj);
                                               ^~~
../../nan/nan.h: At global scope:
../../nan/nan.h:641:47: error: expected ‘)’ before ‘<’ token
     NAN_INLINE _NanWeakCallbackInfo(v8::Handle<T> handle, P* param, Callback cb)
                                    ~          ^
                                               )
../../nan/nan.h: In member function ‘v8::Local<T> _NanWeakCallbackData<T, P>::GetValue() const’:
../../nan/nan.h:662:20: error: missing template arguments before ‘(’ token
       return NanNew(info_->persistent);
                    ^
../../nan/nan.h: At global scope:
../../nan/nan.h:686:15: error: ‘WeakCallbackData’ in namespace ‘v8’ does not name a template type
     const v8::WeakCallbackData<T, _NanWeakCallbackInfo<T, P> > &data) {
               ^~~~~~~~~~~~~~~~
../../nan/nan.h:686:11: note: suggested alternative: ‘WeakCallbackType’
     const v8::WeakCallbackData<T, _NanWeakCallbackInfo<T, P> > &data) {
           ^~
           WeakCallbackType
../../nan/nan.h:686:31: error: expected ‘,’ or ‘...’ before ‘<’ token
     const v8::WeakCallbackData<T, _NanWeakCallbackInfo<T, P> > &data) {
                               ^
../../nan/nan.h: In function ‘void _NanWeakCallbackDispatcher(int)’:
../../nan/nan.h:687:42: error: ‘data’ was not declared in this scope
       _NanWeakCallbackInfo<T, P> *info = data.GetParameter();
                                          ^~~~
../../nan/nan.h: At global scope:
../../nan/nan.h:702:9: warning: inline variables are only available with -std=c++17 or -std=gnu++17
     v8::Handle<T> handle
         ^~~~~~
../../nan/nan.h:702:9: warning: ‘always_inline’ attribute ignored [-Wattributes]
../../nan/nan.h:702:9: error: ‘Handle’ is not a member of ‘v8’
../../nan/nan.h:702:9: note: suggested alternative: ‘JobHandle’
     v8::Handle<T> handle
         ^~~~~~
         JobHandle
../../nan/nan.h:702:17: error: expected primary-expression before ‘>’ token
     v8::Handle<T> handle
                 ^
../../nan/nan.h:702:19: error: ‘handle’ was not declared in this scope
     v8::Handle<T> handle
                   ^~~~~~
../../nan/nan.h:702:19: note: suggested alternative: ‘rand_r’
     v8::Handle<T> handle
                   ^~~~~~
                   rand_r
../../nan/nan.h:703:6: error: expected primary-expression before ‘*’ token
   , P* parameter
      ^
../../nan/nan.h:703:8: error: ‘parameter’ was not declared in this scope
   , P* parameter
        ^~~~~~~~~
../../nan/nan.h:704:51: error: expected ‘(’ before ‘callback’
   , typename _NanWeakCallbackInfo<T, P>::Callback callback) {
                                                   ^~~~~~~~
                                                   (
../../nan/nan.h:704:60: error: expected ‘;’ before ‘{’ token
   , typename _NanWeakCallbackInfo<T, P>::Callback callback) {
                                                            ^~
                                                            ;
../../nan/nan.h: In function ‘v8::Local<v8::Value> NanError(const char*)’:
../../nan/nan.h:715:63: error: no match for call to ‘(v8::Local<v8::String>) (const char*&)’
 # define _NAN_ERROR(fun, errmsg) fun(NanNew<v8::String>(errmsg))
                                                               ^
../../nan/nan.h:724:13: note: in expansion of macro ‘_NAN_ERROR’
     return  _NAN_ERROR(v8::Exception::Error, errmsg);
             ^~~~~~~~~~
../../nan/nan.h: In function ‘void NanThrowError(const char*)’:
../../nan/nan.h:715:63: error: no match for call to ‘(v8::Local<v8::String>) (const char*&)’
 # define _NAN_ERROR(fun, errmsg) fun(NanNew<v8::String>(errmsg))
                                                               ^
../../nan/nan.h:720:49: note: in expansion of macro ‘_NAN_ERROR’
       v8::Isolate::GetCurrent()->ThrowException(_NAN_ERROR(fun, errmsg));      \
                                                 ^~~~~~~~~~
../../nan/nan.h:728:5: note: in expansion of macro ‘_NAN_THROW_ERROR’
     _NAN_THROW_ERROR(v8::Exception::Error, errmsg);
     ^~~~~~~~~~~~~~~~
../../nan/nan.h: At global scope:
../../nan/nan.h:731:37: error: variable or field ‘NanThrowError’ declared void
   NAN_INLINE void NanThrowError(v8::Handle<v8::Value> error) {
                                     ^~~~~~
../../nan/nan.h:731:37: error: ‘Handle’ is not a member of ‘v8’
../../nan/nan.h:731:37: note: suggested alternative: ‘JobHandle’
   NAN_INLINE void NanThrowError(v8::Handle<v8::Value> error) {
                                     ^~~~~~
                                     JobHandle
../../nan/nan.h:731:53: error: expected primary-expression before ‘>’ token
   NAN_INLINE void NanThrowError(v8::Handle<v8::Value> error) {
                                                     ^
../../nan/nan.h:731:55: error: ‘error’ was not declared in this scope
   NAN_INLINE void NanThrowError(v8::Handle<v8::Value> error) {
                                                       ^~~~~
../../nan/nan.h:731:55: note: suggested alternative: ‘herror’
   NAN_INLINE void NanThrowError(v8::Handle<v8::Value> error) {
                                                       ^~~~~
                                                       herror
../../nan/nan.h: In function ‘v8::Local<v8::Value> NanError(const char*, int)’:
../../nan/nan.h:740:75: error: no match for call to ‘(v8::Local<v8::String>) (const char*&)’
     v8::Local<v8::Value> err = v8::Exception::Error(NanNew<v8::String>(msg));
                                                                           ^
../../nan/nan.h:742:39: error: no match for call to ‘(v8::Local<v8::String>) (const char [5])’
     obj->Set(NanNew<v8::String>("code"), NanNew<v8::Integer>(errorNumber));
                                       ^
../../nan/nan.h:742:73: error: no match for call to ‘(v8::Local<v8::Integer>) (const int&)’
     obj->Set(NanNew<v8::String>("code"), NanNew<v8::Integer>(errorNumber));
                                                                         ^
../../nan/nan.h: In function ‘void NanThrowError(const char*, int)’:
../../nan/nan.h:750:45: error: no matching function for call to ‘NanThrowError(v8::Local<v8::Value>)’
     NanThrowError(NanError(msg, errorNumber));
                                             ^
../../nan/nan.h:727:19: note: candidate: ‘void NanThrowError(const char*)’
   NAN_INLINE void NanThrowError(const char* errmsg) {
                   ^~~~~~~~~~~~~
../../nan/nan.h:727:19: note:   no known conversion for argument 1 from ‘v8::Local<v8::Value>’ to ‘const char*’
../../nan/nan.h:746:19: note: candidate: ‘void NanThrowError(const char*, int)’
   NAN_INLINE void NanThrowError(
                   ^~~~~~~~~~~~~
../../nan/nan.h:746:19: note:   candidate expects 2 arguments, 1 provided
../../nan/nan.h: In function ‘v8::Local<v8::Value> NanTypeError(const char*)’:
../../nan/nan.h:715:63: error: no match for call to ‘(v8::Local<v8::String>) (const char*&)’
 # define _NAN_ERROR(fun, errmsg) fun(NanNew<v8::String>(errmsg))
                                                               ^
../../nan/nan.h:754:12: note: in expansion of macro ‘_NAN_ERROR’
     return _NAN_ERROR(v8::Exception::TypeError, errmsg);
            ^~~~~~~~~~
../../nan/nan.h: In function ‘void NanThrowTypeError(const char*)’:
../../nan/nan.h:715:63: error: no match for call to ‘(v8::Local<v8::String>) (const char*&)’
 # define _NAN_ERROR(fun, errmsg) fun(NanNew<v8::String>(errmsg))
                                                               ^
../../nan/nan.h:720:49: note: in expansion of macro ‘_NAN_ERROR’
       v8::Isolate::GetCurrent()->ThrowException(_NAN_ERROR(fun, errmsg));      \
                                                 ^~~~~~~~~~
../../nan/nan.h:758:5: note: in expansion of macro ‘_NAN_THROW_ERROR’
     _NAN_THROW_ERROR(v8::Exception::TypeError, errmsg);
     ^~~~~~~~~~~~~~~~
../../nan/nan.h: In function ‘v8::Local<v8::Value> NanRangeError(const char*)’:
../../nan/nan.h:715:63: error: no match for call to ‘(v8::Local<v8::String>) (const char*&)’
 # define _NAN_ERROR(fun, errmsg) fun(NanNew<v8::String>(errmsg))
                                                               ^
../../nan/nan.h:762:12: note: in expansion of macro ‘_NAN_ERROR’
     return _NAN_ERROR(v8::Exception::RangeError, errmsg);
            ^~~~~~~~~~
../../nan/nan.h: In function ‘void NanThrowRangeError(const char*)’:
../../nan/nan.h:715:63: error: no match for call to ‘(v8::Local<v8::String>) (const char*&)’
 # define _NAN_ERROR(fun, errmsg) fun(NanNew<v8::String>(errmsg))
                                                               ^
../../nan/nan.h:720:49: note: in expansion of macro ‘_NAN_ERROR’
       v8::Isolate::GetCurrent()->ThrowException(_NAN_ERROR(fun, errmsg));      \
                                                 ^~~~~~~~~~
../../nan/nan.h:766:5: note: in expansion of macro ‘_NAN_THROW_ERROR’
     _NAN_THROW_ERROR(v8::Exception::RangeError, errmsg);
     ^~~~~~~~~~~~~~~~
../../nan/nan.h: At global scope:
../../nan/nan.h:778:13: error: ‘node::smalloc’ has not been declared
     , node::smalloc::FreeCallback callback
             ^~~~~~~
../../nan/nan.h:778:35: error: expected ‘,’ or ‘...’ before ‘callback’
     , node::smalloc::FreeCallback callback
                                   ^~~~~~~~
../../nan/nan.h: In function ‘v8::Local<v8::Object> NanNewBufferHandle(char*, size_t, int)’:
../../nan/nan.h:782:50: error: ‘callback’ was not declared in this scope
         v8::Isolate::GetCurrent(), data, length, callback, hint);
                                                  ^~~~~~~~
../../nan/nan.h:782:50: note: suggested alternative: ‘calloc’
         v8::Isolate::GetCurrent(), data, length, callback, hint);
                                                  ^~~~~~~~
                                                  calloc
../../nan/nan.h:782:60: error: ‘hint’ was not declared in this scope
         v8::Isolate::GetCurrent(), data, length, callback, hint);
                                                            ^~~~
../../nan/nan.h:782:60: note: suggested alternative: ‘uint’
         v8::Isolate::GetCurrent(), data, length, callback, hint);
                                                            ^~~~
                                                            uint
../../nan/nan.h: In function ‘v8::Local<v8::Object> NanNewBufferHandle(const char*, uint32_t)’:
../../nan/nan.h:789:57: error: invalid conversion from ‘const char*’ to ‘char*’ [-fpermissive]
     return node::Buffer::New(v8::Isolate::GetCurrent(), data, size);
                                                         ^~~~
In file included from ../src/bufferutil.cc:9:
/home/pi/.cache/node-gyp/15.4.0/include/node/node_buffer.h:65:50: note:   initializing argument 2 of ‘v8::MaybeLocal<v8::Object> node::Buffer::New(v8::Isolate*, char*, size_t)’
                                            char* data,
                                            ~~~~~~^~~~
In file included from ../src/bufferutil.cc:15:
../../nan/nan.h:789:29: error: could not convert ‘node::Buffer::New(v8::Isolate::GetCurrent(), ((char*)data), size)’ from ‘v8::MaybeLocal<v8::Object>’ to ‘v8::Local<v8::Object>’
     return node::Buffer::New(v8::Isolate::GetCurrent(), data, size);
            ~~~~~~~~~~~~~~~~~^~~~~~~~~~~~~~~~~~~~~~~~~~~~~~~~~~~~~~~
../../nan/nan.h: In function ‘v8::Local<v8::Object> NanNewBufferHandle(uint32_t)’:
../../nan/nan.h:793:29: error: could not convert ‘node::Buffer::New(v8::Isolate::GetCurrent(), size)’ from ‘v8::MaybeLocal<v8::Object>’ to ‘v8::Local<v8::Object>’
     return node::Buffer::New(v8::Isolate::GetCurrent(), size);
            ~~~~~~~~~~~~~~~~~^~~~~~~~~~~~~~~~~~~~~~~~~~~~~~~~~
../../nan/nan.h: In function ‘v8::Local<v8::Object> NanBufferUse(char*, uint32_t)’:
../../nan/nan.h:800:26: error: ‘Use’ is not a member of ‘node::Buffer’
     return node::Buffer::Use(v8::Isolate::GetCurrent(), data, size);
                          ^~~
../../nan/nan.h: At global scope:
../../nan/nan.h:805:11: error: ‘v8::Handle’ has not been declared
     , v8::Handle<v8::Value> value
           ^~~~~~
../../nan/nan.h:805:17: error: expected ‘,’ or ‘...’ before ‘<’ token
     , v8::Handle<v8::Value> value
                 ^
../../nan/nan.h: In function ‘bool NanHasInstance(const v8::Persistent<v8::FunctionTemplate>&, int)’:
../../nan/nan.h:807:18: error: missing template arguments before ‘(’ token
     return NanNew(function_template)->HasInstance(value);
                  ^
../../nan/nan.h:807:51: error: ‘value’ was not declared in this scope
     return NanNew(function_template)->HasInstance(value);
                                                   ^~~~~
../../nan/nan.h: At global scope:
../../nan/nan.h:812:11: error: ‘v8::Handle’ has not been declared
     , v8::Handle<v8::ObjectTemplate> tmpl = v8::Handle<v8::ObjectTemplate>()
           ^~~~~~
../../nan/nan.h:812:17: error: expected ‘,’ or ‘...’ before ‘<’ token
     , v8::Handle<v8::ObjectTemplate> tmpl = v8::Handle<v8::ObjectTemplate>()
                 ^
../../nan/nan.h:810:37: error: default argument missing for parameter 2 of ‘v8::Local<v8::Context> NanNewContextHandle(v8::ExtensionConfiguration*, int)’
   NAN_INLINE v8::Local<v8::Context> NanNewContextHandle(
                                     ^~~~~~~~~~~~~~~~~~~
../../nan/nan.h: In function ‘v8::Local<v8::Context> NanNewContextHandle(v8::ExtensionConfiguration*, int)’:
../../nan/nan.h:818:47: error: ‘tmpl’ was not declared in this scope
       , v8::Context::New(isolate, extensions, tmpl, obj)
                                               ^~~~
../../nan/nan.h:818:47: note: suggested alternative: ‘tm’
       , v8::Context::New(isolate, extensions, tmpl, obj)
                                               ^~~~
                                               tm
../../nan/nan.h:818:53: error: ‘obj’ was not declared in this scope
       , v8::Context::New(isolate, extensions, tmpl, obj)
                                                     ^~~
../../nan/nan.h: In function ‘v8::Local<v8::Script> NanCompileScript(v8::Local<v8::String>, const v8::ScriptOrigin&)’:
../../nan/nan.h:827:74: error: no matching function for call to ‘v8::ScriptCompiler::Compile(v8::Isolate*, v8::ScriptCompiler::Source*)’
     return v8::ScriptCompiler::Compile(v8::Isolate::GetCurrent(), &source);
                                                                          ^
In file included from ../src/bufferutil.cc:7:
/home/pi/.cache/node-gyp/15.4.0/include/node/v8.h:1898:51: note: candidate: ‘static v8::MaybeLocal<v8::Script> v8::ScriptCompiler::Compile(v8::Local<v8::Context>, v8::ScriptCompiler::Source*, v8::ScriptCompiler::CompileOptions, v8::ScriptCompiler::NoCacheReason)’
   static V8_WARN_UNUSED_RESULT MaybeLocal<Script> Compile(
                                                   ^~~~~~~
/home/pi/.cache/node-gyp/15.4.0/include/node/v8.h:1898:51: note:   no known conversion for argument 1 from ‘v8::Isolate*’ to ‘v8::Local<v8::Context>’
/home/pi/.cache/node-gyp/15.4.0/include/node/v8.h:1925:51: note: candidate: ‘static v8::MaybeLocal<v8::Script> v8::ScriptCompiler::Compile(v8::Local<v8::Context>, v8::ScriptCompiler::StreamedSource*, v8::Local<v8::String>, const v8::ScriptOrigin&)’
   static V8_WARN_UNUSED_RESULT MaybeLocal<Script> Compile(
                                                   ^~~~~~~
/home/pi/.cache/node-gyp/15.4.0/include/node/v8.h:1925:51: note:   candidate expects 4 arguments, 2 provided
In file included from ../src/bufferutil.cc:15:
../../nan/nan.h: In function ‘v8::Local<v8::Script> NanCompileScript(v8::Local<v8::String>)’:
../../nan/nan.h:834:74: error: no matching function for call to ‘v8::ScriptCompiler::Compile(v8::Isolate*, v8::ScriptCompiler::Source*)’
     return v8::ScriptCompiler::Compile(v8::Isolate::GetCurrent(), &source);
                                                                          ^
In file included from ../src/bufferutil.cc:7:
/home/pi/.cache/node-gyp/15.4.0/include/node/v8.h:1898:51: note: candidate: ‘static v8::MaybeLocal<v8::Script> v8::ScriptCompiler::Compile(v8::Local<v8::Context>, v8::ScriptCompiler::Source*, v8::ScriptCompiler::CompileOptions, v8::ScriptCompiler::NoCacheReason)’
   static V8_WARN_UNUSED_RESULT MaybeLocal<Script> Compile(
                                                   ^~~~~~~
/home/pi/.cache/node-gyp/15.4.0/include/node/v8.h:1898:51: note:   no known conversion for argument 1 from ‘v8::Isolate*’ to ‘v8::Local<v8::Context>’
/home/pi/.cache/node-gyp/15.4.0/include/node/v8.h:1925:51: note: candidate: ‘static v8::MaybeLocal<v8::Script> v8::ScriptCompiler::Compile(v8::Local<v8::Context>, v8::ScriptCompiler::StreamedSource*, v8::Local<v8::String>, const v8::ScriptOrigin&)’
   static V8_WARN_UNUSED_RESULT MaybeLocal<Script> Compile(
                                                   ^~~~~~~
/home/pi/.cache/node-gyp/15.4.0/include/node/v8.h:1925:51: note:   candidate expects 4 arguments, 2 provided
In file included from ../src/bufferutil.cc:15:
../../nan/nan.h: At global scope:
../../nan/nan.h:838:11: warning: inline variables are only available with -std=c++17 or -std=gnu++17
       v8::Handle<NanUnboundScript> script
           ^~~~~~
../../nan/nan.h:838:11: warning: ‘always_inline’ attribute ignored [-Wattributes]
../../nan/nan.h:838:11: error: ‘Handle’ is not a member of ‘v8’
../../nan/nan.h:838:11: note: suggested alternative: ‘JobHandle’
       v8::Handle<NanUnboundScript> script
           ^~~~~~
           JobHandle
../../nan/nan.h:838:34: error: expected primary-expression before ‘>’ token
       v8::Handle<NanUnboundScript> script
                                  ^
../../nan/nan.h:838:36: error: ‘script’ was not declared in this scope
       v8::Handle<NanUnboundScript> script
                                    ^~~~~~
../../nan/nan.h:838:36: note: suggested alternative: ‘accept’
       v8::Handle<NanUnboundScript> script
                                    ^~~~~~
                                    accept
../../nan/nan.h:839:5: error: expected ‘,’ or ‘;’ before ‘{’ token
   ) {
     ^
../../nan/nan.h:844:11: warning: inline variables are only available with -std=c++17 or -std=gnu++17
       v8::Handle<NanBoundScript> script
           ^~~~~~
../../nan/nan.h:844:11: warning: ‘always_inline’ attribute ignored [-Wattributes]
../../nan/nan.h:844:11: error: redefinition of ‘v8::Local<v8::Value> NanRunScript’
../../nan/nan.h:837:35: note: ‘v8::Local<v8::Value> NanRunScript’ previously declared here
   NAN_INLINE v8::Local<v8::Value> NanRunScript(
                                   ^~~~~~~~~~~~
../../nan/nan.h:844:11: error: ‘Handle’ is not a member of ‘v8’
       v8::Handle<NanBoundScript> script
           ^~~~~~
../../nan/nan.h:844:11: note: suggested alternative: ‘JobHandle’
       v8::Handle<NanBoundScript> script
           ^~~~~~
           JobHandle
../../nan/nan.h:844:32: error: expected primary-expression before ‘>’ token
       v8::Handle<NanBoundScript> script
                                ^
../../nan/nan.h:844:34: error: ‘script’ was not declared in this scope
       v8::Handle<NanBoundScript> script
                                  ^~~~~~
../../nan/nan.h:844:34: note: suggested alternative: ‘accept’
       v8::Handle<NanBoundScript> script
                                  ^~~~~~
                                  accept
../../nan/nan.h:850:11: warning: inline variables are only available with -std=c++17 or -std=gnu++17
       v8::Handle<v8::Object> target
           ^~~~~~
../../nan/nan.h:850:11: warning: ‘always_inline’ attribute ignored [-Wattributes]
../../nan/nan.h:850:11: error: ‘Handle’ is not a member of ‘v8’
../../nan/nan.h:850:11: note: suggested alternative: ‘JobHandle’
       v8::Handle<v8::Object> target
           ^~~~~~
           JobHandle
../../nan/nan.h:850:28: error: expected primary-expression before ‘>’ token
       v8::Handle<v8::Object> target
                            ^
../../nan/nan.h:850:30: error: ‘target’ was not declared in this scope
       v8::Handle<v8::Object> target
                              ^~~~~~
../../nan/nan.h:850:30: note: suggested alternative: ‘tzset’
       v8::Handle<v8::Object> target
                              ^~~~~~
                              tzset
../../nan/nan.h:851:11: error: ‘Handle’ is not a member of ‘v8’
     , v8::Handle<v8::Function> func
           ^~~~~~
../../nan/nan.h:851:11: note: suggested alternative: ‘JobHandle’
     , v8::Handle<v8::Function> func
           ^~~~~~
           JobHandle
../../nan/nan.h:851:30: error: expected primary-expression before ‘>’ token
     , v8::Handle<v8::Function> func
                              ^
../../nan/nan.h:851:32: error: ‘func’ was not declared in this scope
     , v8::Handle<v8::Function> func
                                ^~~~
../../nan/nan.h:851:32: note: suggested alternative: ‘fputc’
     , v8::Handle<v8::Function> func
                                ^~~~
                                fputc
../../nan/nan.h:852:7: error: expected primary-expression before ‘int’
     , int argc
       ^~~
../../nan/nan.h:853:11: error: ‘Handle’ is not a member of ‘v8’
     , v8::Handle<v8::Value>* argv) {
           ^~~~~~
../../nan/nan.h:853:11: note: suggested alternative: ‘JobHandle’
     , v8::Handle<v8::Value>* argv) {
           ^~~~~~
           JobHandle
../../nan/nan.h:853:27: error: expected primary-expression before ‘>’ token
     , v8::Handle<v8::Value>* argv) {
                           ^
../../nan/nan.h:853:30: error: ‘argv’ was not declared in this scope
     , v8::Handle<v8::Value>* argv) {
                              ^~~~
../../nan/nan.h:853:36: error: expected ‘,’ or ‘;’ before ‘{’ token
     , v8::Handle<v8::Value>* argv) {
                                    ^
../../nan/nan.h:859:11: warning: inline variables are only available with -std=c++17 or -std=gnu++17
       v8::Handle<v8::Object> target
           ^~~~~~
../../nan/nan.h:859:11: warning: ‘always_inline’ attribute ignored [-Wattributes]
../../nan/nan.h:859:11: error: redefinition of ‘v8::Local<v8::Value> NanMakeCallback’
../../nan/nan.h:849:35: note: ‘v8::Local<v8::Value> NanMakeCallback’ previously declared here
   NAN_INLINE v8::Local<v8::Value> NanMakeCallback(
                                   ^~~~~~~~~~~~~~~
../../nan/nan.h:859:11: error: ‘Handle’ is not a member of ‘v8’
       v8::Handle<v8::Object> target
           ^~~~~~
../../nan/nan.h:859:11: note: suggested alternative: ‘JobHandle’
       v8::Handle<v8::Object> target
           ^~~~~~
           JobHandle
../../nan/nan.h:859:28: error: expected primary-expression before ‘>’ token
       v8::Handle<v8::Object> target
                            ^
../../nan/nan.h:859:30: error: ‘target’ was not declared in this scope
       v8::Handle<v8::Object> target
                              ^~~~~~
../../nan/nan.h:859:30: note: suggested alternative: ‘tzset’
       v8::Handle<v8::Object> target
                              ^~~~~~
                              tzset
../../nan/nan.h:860:11: error: ‘Handle’ is not a member of ‘v8’
     , v8::Handle<v8::String> symbol
           ^~~~~~
../../nan/nan.h:860:11: note: suggested alternative: ‘JobHandle’
     , v8::Handle<v8::String> symbol
           ^~~~~~
           JobHandle
../../nan/nan.h:860:28: error: expected primary-expression before ‘>’ token
     , v8::Handle<v8::String> symbol
                            ^
../../nan/nan.h:860:30: error: ‘symbol’ was not declared in this scope
     , v8::Handle<v8::String> symbol
                              ^~~~~~
../../nan/nan.h:860:30: note: suggested alternative: ‘strtol’
     , v8::Handle<v8::String> symbol
                              ^~~~~~
                              strtol
../../nan/nan.h:861:7: error: expected primary-expression before ‘int’
     , int argc
       ^~~
../../nan/nan.h:862:11: error: ‘Handle’ is not a member of ‘v8’
     , v8::Handle<v8::Value>* argv) {
           ^~~~~~
../../nan/nan.h:862:11: note: suggested alternative: ‘JobHandle’
     , v8::Handle<v8::Value>* argv) {
           ^~~~~~
           JobHandle
../../nan/nan.h:862:27: error: expected primary-expression before ‘>’ token
     , v8::Handle<v8::Value>* argv) {
                           ^
../../nan/nan.h:862:30: error: ‘argv’ was not declared in this scope
     , v8::Handle<v8::Value>* argv) {
                              ^~~~
../../nan/nan.h:868:11: warning: inline variables are only available with -std=c++17 or -std=gnu++17
       v8::Handle<v8::Object> target
           ^~~~~~
../../nan/nan.h:868:11: warning: ‘always_inline’ attribute ignored [-Wattributes]
../../nan/nan.h:868:11: error: redefinition of ‘v8::Local<v8::Value> NanMakeCallback’
../../nan/nan.h:849:35: note: ‘v8::Local<v8::Value> NanMakeCallback’ previously declared here
   NAN_INLINE v8::Local<v8::Value> NanMakeCallback(
                                   ^~~~~~~~~~~~~~~
../../nan/nan.h:868:11: error: ‘Handle’ is not a member of ‘v8’
       v8::Handle<v8::Object> target
           ^~~~~~
../../nan/nan.h:868:11: note: suggested alternative: ‘JobHandle’
       v8::Handle<v8::Object> target
           ^~~~~~
           JobHandle
../../nan/nan.h:868:28: error: expected primary-expression before ‘>’ token
       v8::Handle<v8::Object> target
                            ^
../../nan/nan.h:868:30: error: ‘target’ was not declared in this scope
       v8::Handle<v8::Object> target
                              ^~~~~~
../../nan/nan.h:868:30: note: suggested alternative: ‘tzset’
       v8::Handle<v8::Object> target
                              ^~~~~~
                              tzset
../../nan/nan.h:869:7: error: expected primary-expression before ‘const’
     , const char* method
       ^~~~~
../../nan/nan.h:870:7: error: expected primary-expression before ‘int’
     , int argc
       ^~~
../../nan/nan.h:871:11: error: ‘Handle’ is not a member of ‘v8’
     , v8::Handle<v8::Value>* argv) {
           ^~~~~~
../../nan/nan.h:871:11: note: suggested alternative: ‘JobHandle’
     , v8::Handle<v8::Value>* argv) {
           ^~~~~~
           JobHandle
../../nan/nan.h:871:27: error: expected primary-expression before ‘>’ token
     , v8::Handle<v8::Value>* argv) {
                           ^
../../nan/nan.h:871:30: error: ‘argv’ was not declared in this scope
     , v8::Handle<v8::Value>* argv) {
                              ^~~~
../../nan/nan.h:893:50: error: expected ‘)’ before ‘<’ token
     NAN_INLINE explicit NanAsciiString(v8::Handle<v8::Value> from) {
                                       ~          ^
                                                  )
../../nan/nan.h:927:49: error: expected ‘)’ before ‘<’ token
     NAN_INLINE explicit NanUtf8String(v8::Handle<v8::Value> from) {
                                      ~          ^
                                                 )
../../nan/nan.h:960:49: error: expected ‘)’ before ‘<’ token
     NAN_INLINE explicit NanUcs2String(v8::Handle<v8::Value> from) {
                                      ~          ^
                                                 )
../../nan/nan.h:1878:34: error: ‘Handle’ in namespace ‘v8’ does not name a template type
   explicit NanCallback(const v8::Handle<v8::Function> &fn) {
                                  ^~~~~~
../../nan/nan.h:1878:30: note: suggested alternative: ‘JobHandle’
   explicit NanCallback(const v8::Handle<v8::Function> &fn) {
                              ^~
                              JobHandle
../../nan/nan.h:1878:40: error: expected ‘,’ or ‘...’ before ‘<’ token
   explicit NanCallback(const v8::Handle<v8::Function> &fn) {
                                        ^
../../nan/nan.h:1890:41: error: ‘Handle’ in namespace ‘v8’ does not name a template type
   NAN_INLINE void SetFunction(const v8::Handle<v8::Function> &fn) {
                                         ^~~~~~
../../nan/nan.h:1890:37: note: suggested alternative: ‘JobHandle’
   NAN_INLINE void SetFunction(const v8::Handle<v8::Function> &fn) {
                                     ^~
                                     JobHandle
../../nan/nan.h:1890:47: error: expected ‘,’ or ‘...’ before ‘<’ token
   NAN_INLINE void SetFunction(const v8::Handle<v8::Function> &fn) {
                                               ^
../../nan/nan.h:1906:7: error: ‘Handle’ in namespace ‘v8’ does not name a template type
   v8::Handle<v8::Value> Call(int argc, v8::Handle<v8::Value> argv[]) const {
       ^~~~~~
../../nan/nan.h:1906:3: note: suggested alternative: ‘JobHandle’
   v8::Handle<v8::Value> Call(int argc, v8::Handle<v8::Value> argv[]) const {
   ^~
   JobHandle
../../nan/nan.h: In constructor ‘NanCallback::NanCallback()’:
../../nan/nan.h:1874:52: error: no match for call to ‘(v8::Local<v8::Object>) ()’
     v8::Local<v8::Object> obj = NanNew<v8::Object>();
                                                    ^
../../nan/nan.h:1875:36: error: no matching function for call to ‘NanAssignPersistent(v8::Persistent<v8::Object>&, v8::Local<v8::Object>&)’
     NanAssignPersistent(handle, obj);
                                    ^
../../nan/nan.h:622:19: note: candidate: ‘template<class T> void NanAssignPersistent(v8::Persistent<T, v8::NonCopyablePersistentTraits<T> >&, int)’
   NAN_INLINE void NanAssignPersistent(
                   ^~~~~~~~~~~~~~~~~~~
../../nan/nan.h:622:19: note:   template argument deduction/substitution failed:
../../nan/nan.h:1875:33: note:   cannot convert ‘obj’ (type ‘v8::Local<v8::Object>’) to type ‘int’
     NanAssignPersistent(handle, obj);
                                 ^~~
../../nan/nan.h:629:19: note: candidate: ‘template<class T> void NanAssignPersistent(v8::Persistent<T, v8::NonCopyablePersistentTraits<T> >&, const v8::Persistent<T, v8::NonCopyablePersistentTraits<T> >&)’
   NAN_INLINE void NanAssignPersistent(
                   ^~~~~~~~~~~~~~~~~~~
../../nan/nan.h:629:19: note:   template argument deduction/substitution failed:
../../nan/nan.h:1875:36: note:   ‘v8::Local<v8::Object>’ is not derived from ‘const v8::Persistent<T, v8::NonCopyablePersistentTraits<T> >’
     NanAssignPersistent(handle, obj);
                                    ^
../../nan/nan.h: In constructor ‘NanCallback::NanCallback(int)’:
../../nan/nan.h:1880:52: error: no match for call to ‘(v8::Local<v8::Object>) ()’
     v8::Local<v8::Object> obj = NanNew<v8::Object>();
                                                    ^
../../nan/nan.h:1881:36: error: no matching function for call to ‘NanAssignPersistent(v8::Persistent<v8::Object>&, v8::Local<v8::Object>&)’
     NanAssignPersistent(handle, obj);
                                    ^
../../nan/nan.h:622:19: note: candidate: ‘template<class T> void NanAssignPersistent(v8::Persistent<T, v8::NonCopyablePersistentTraits<T> >&, int)’
   NAN_INLINE void NanAssignPersistent(
                   ^~~~~~~~~~~~~~~~~~~
../../nan/nan.h:622:19: note:   template argument deduction/substitution failed:
../../nan/nan.h:1881:33: note:   cannot convert ‘obj’ (type ‘v8::Local<v8::Object>’) to type ‘int’
     NanAssignPersistent(handle, obj);
                                 ^~~
../../nan/nan.h:629:19: note: candidate: ‘template<class T> void NanAssignPersistent(v8::Persistent<T, v8::NonCopyablePersistentTraits<T> >&, const v8::Persistent<T, v8::NonCopyablePersistentTraits<T> >&)’
   NAN_INLINE void NanAssignPersistent(
                   ^~~~~~~~~~~~~~~~~~~
../../nan/nan.h:629:19: note:   template argument deduction/substitution failed:
../../nan/nan.h:1881:36: note:   ‘v8::Local<v8::Object>’ is not derived from ‘const v8::Persistent<T, v8::NonCopyablePersistentTraits<T> >’
     NanAssignPersistent(handle, obj);
                                    ^
../../nan/nan.h:1882:17: error: ‘fn’ was not declared in this scope
     SetFunction(fn);
                 ^~
../../nan/nan.h: In member function ‘void NanCallback::SetFunction(int)’:
../../nan/nan.h:1892:11: error: missing template arguments before ‘(’ token
     NanNew(handle)->Set(kCallbackIndex, fn);
           ^
../../nan/nan.h:1892:41: error: ‘fn’ was not declared in this scope
     NanNew(handle)->Set(kCallbackIndex, fn);
                                         ^~
../../nan/nan.h: In member function ‘v8::Local<v8::Function> NanCallback::GetFunction() const’:
../../nan/nan.h:517:58: error: missing template arguments before ‘(’ token
 # define NanEscapeScope(val) scope.Escape(_NanEnsureLocal(val))
                                                          ^
../../nan/nan.h:1897:12: note: in expansion of macro ‘NanEscapeScope’
     return NanEscapeScope(NanNew(handle)->Get(kCallbackIndex)
            ^~~~~~~~~~~~~~
../../nan/nan.h:1897:33: error: missing template arguments before ‘(’ token
     return NanEscapeScope(NanNew(handle)->Get(kCallbackIndex)
                                 ^
../../nan/nan.h:517:59: note: in definition of macro ‘NanEscapeScope’
 # define NanEscapeScope(val) scope.Escape(_NanEnsureLocal(val))
                                                           ^~~
../../nan/nan.h:1898:25: error: expected primary-expression before ‘>’ token
         .As<v8::Function>());
                         ^
../../nan/nan.h:517:59: note: in definition of macro ‘NanEscapeScope’
 # define NanEscapeScope(val) scope.Escape(_NanEnsureLocal(val))
                                                           ^~~
../../nan/nan.h:1898:27: error: expected primary-expression before ‘)’ token
         .As<v8::Function>());
                           ^
../../nan/nan.h:517:59: note: in definition of macro ‘NanEscapeScope’
 # define NanEscapeScope(val) scope.Escape(_NanEnsureLocal(val))
                                                           ^~~
../../nan/nan.h: In member function ‘bool NanCallback::IsEmpty() const’:
../../nan/nan.h:1903:18: error: missing template arguments before ‘(’ token
     return NanNew(handle)->Get(kCallbackIndex)->IsUndefined();
                  ^
../../nan/nan.h: In constructor ‘NanAsyncWorker::NanAsyncWorker(NanCallback*)’:
../../nan/nan.h:1950:52: error: no match for call to ‘(v8::Local<v8::Object>) ()’
     v8::Local<v8::Object> obj = NanNew<v8::Object>();
                                                    ^
../../nan/nan.h:1951:46: error: no matching function for call to ‘NanAssignPersistent(v8::Persistent<v8::Object>&, v8::Local<v8::Object>&)’
     NanAssignPersistent(persistentHandle, obj);
                                              ^
../../nan/nan.h:622:19: note: candidate: ‘template<class T> void NanAssignPersistent(v8::Persistent<T, v8::NonCopyablePersistentTraits<T> >&, int)’
   NAN_INLINE void NanAssignPersistent(
                   ^~~~~~~~~~~~~~~~~~~
../../nan/nan.h:622:19: note:   template argument deduction/substitution failed:
../../nan/nan.h:1951:43: note:   cannot convert ‘obj’ (type ‘v8::Local<v8::Object>’) to type ‘int’
     NanAssignPersistent(persistentHandle, obj);
                                           ^~~
../../nan/nan.h:629:19: note: candidate: ‘template<class T> void NanAssignPersistent(v8::Persistent<T, v8::NonCopyablePersistentTraits<T> >&, const v8::Persistent<T, v8::NonCopyablePersistentTraits<T> >&)’
   NAN_INLINE void NanAssignPersistent(
                   ^~~~~~~~~~~~~~~~~~~
../../nan/nan.h:629:19: note:   template argument deduction/substitution failed:
../../nan/nan.h:1951:46: note:   ‘v8::Local<v8::Object>’ is not derived from ‘const v8::Persistent<T, v8::NonCopyablePersistentTraits<T> >’
     NanAssignPersistent(persistentHandle, obj);
                                              ^
../../nan/nan.h: In member function ‘void NanAsyncWorker::SaveToPersistent(const char*, const v8::Local<v8::Object>&)’:
../../nan/nan.h:1978:42: error: missing template arguments before ‘(’ token
     v8::Local<v8::Object> handle = NanNew(persistentHandle);
                                          ^
../../nan/nan.h:1979:39: error: no match for call to ‘(v8::Local<v8::String>) (const char*&)’
     handle->Set(NanNew<v8::String>(key), obj);
                                       ^
../../nan/nan.h: In member function ‘v8::Local<v8::Object> NanAsyncWorker::GetFromPersistent(const char*) const’:
../../nan/nan.h:1984:42: error: missing template arguments before ‘(’ token
     v8::Local<v8::Object> handle = NanNew(persistentHandle);
                                          ^
../../nan/nan.h:517:58: error: missing template arguments before ‘(’ token
 # define NanEscapeScope(val) scope.Escape(_NanEnsureLocal(val))
                                                          ^
../../nan/nan.h:1985:12: note: in expansion of macro ‘NanEscapeScope’
     return NanEscapeScope(handle->Get(NanNew(key)).As<v8::Object>());
            ^~~~~~~~~~~~~~
../../nan/nan.h:1985:45: error: missing template arguments before ‘(’ token
     return NanEscapeScope(handle->Get(NanNew(key)).As<v8::Object>());
                                             ^
../../nan/nan.h:517:59: note: in definition of macro ‘NanEscapeScope’
 # define NanEscapeScope(val) scope.Escape(_NanEnsureLocal(val))
                                                           ^~~
../../nan/nan.h:1985:65: error: expected primary-expression before ‘>’ token
     return NanEscapeScope(handle->Get(NanNew(key)).As<v8::Object>());
                                                                 ^
../../nan/nan.h:517:59: note: in definition of macro ‘NanEscapeScope’
 # define NanEscapeScope(val) scope.Escape(_NanEnsureLocal(val))
                                                           ^~~
../../nan/nan.h:1985:67: error: expected primary-expression before ‘)’ token
     return NanEscapeScope(handle->Get(NanNew(key)).As<v8::Object>());
                                                                   ^
../../nan/nan.h:517:59: note: in definition of macro ‘NanEscapeScope’
 # define NanEscapeScope(val) scope.Escape(_NanEnsureLocal(val))
                                                           ^~~
../../nan/nan.h: In member function ‘virtual void NanAsyncWorker::HandleOKCallback()’:
../../nan/nan.h:1997:15: error: ‘class NanCallback’ has no member named ‘Call’
     callback->Call(0, NULL);
               ^~~~
../../nan/nan.h: In member function ‘virtual void NanAsyncWorker::HandleErrorCallback()’:
../../nan/nan.h:2004:63: error: no match for call to ‘(v8::Local<v8::String>) (const char*)’
         v8::Exception::Error(NanNew<v8::String>(ErrorMessage()))
                                                               ^
../../nan/nan.h:2006:15: error: ‘class NanCallback’ has no member named ‘Call’
     callback->Call(1, argv);
               ^~~~
../../nan/nan.h: In function ‘void NanAsyncQueueWorker(NanAsyncWorker*)’:
../../nan/nan.h:2043:25: warning: cast between incompatible function types from ‘void (*)(uv_work_t*)’ {aka ‘void (*)(uv_work_s*)’} to ‘uv_after_work_cb’ {aka ‘void (*)(uv_work_s*, int)’} [-Wcast-function-type]
     , (uv_after_work_cb)NanAsyncExecuteComplete
                         ^~~~~~~~~~~~~~~~~~~~~~~
../../nan/nan.h: At global scope:
../../nan/nan.h:2176:9: error: ‘Handle’ is not a member of ‘v8’
     v8::Handle<v8::Value> val
         ^~~~~~
../../nan/nan.h:2176:9: note: suggested alternative: ‘JobHandle’
     v8::Handle<v8::Value> val
         ^~~~~~
         JobHandle
../../nan/nan.h:2176:25: error: expected primary-expression before ‘>’ token
     v8::Handle<v8::Value> val
                         ^
../../nan/nan.h:2176:27: error: ‘val’ was not declared in this scope
     v8::Handle<v8::Value> val
                           ^~~
../../nan/nan.h:2177:5: error: expected primary-expression before ‘const’
   , const char** data
     ^~~~~
../../nan/nan.h:2178:11: error: expected primary-expression before ‘*’ token
   , size_t* len
           ^
../../nan/nan.h:2178:13: error: ‘len’ was not declared in this scope
   , size_t* len
             ^~~
../../nan/nan.h:2178:13: note: suggested alternative: ‘send’
   , size_t* len
             ^~~
             send
../../nan/nan.h:2179:1: error: expression list treated as compound expression in initializer [-fpermissive]
 ) {
 ^
../../nan/nan.h:2223:9: warning: inline variables are only available with -std=c++17 or -std=gnu++17
     v8::Handle<v8::Value> from
         ^~~~~~
../../nan/nan.h:2223:9: warning: ‘always_inline’ attribute ignored [-Wattributes]
../../nan/nan.h:2223:9: error: ‘Handle’ is not a member of ‘v8’
../../nan/nan.h:2223:9: note: suggested alternative: ‘JobHandle’
     v8::Handle<v8::Value> from
         ^~~~~~
         JobHandle
../../nan/nan.h:2223:25: error: expected primary-expression before ‘>’ token
     v8::Handle<v8::Value> from
                         ^
../../nan/nan.h:2223:27: error: ‘from’ was not declared in this scope
     v8::Handle<v8::Value> from
                           ^~~~
../../nan/nan.h:2223:27: note: suggested alternative: ‘feof’
     v8::Handle<v8::Value> from
                           ^~~~
                           feof
../../nan/nan.h:2224:5: error: expected primary-expression before ‘enum’
   , enum Nan::Encoding encoding
     ^~~~
../../nan/nan.h:2225:12: error: expected primary-expression before ‘*’ token
   , size_t *datalen
            ^
../../nan/nan.h:2225:13: error: ‘datalen’ was not declared in this scope
   , size_t *datalen
             ^~~~~~~
../../nan/nan.h:2225:13: note: suggested alternative: ‘strlen’
   , size_t *datalen
             ^~~~~~~
             strlen
../../nan/nan.h:2226:5: error: expected primary-expression before ‘void’
   , void *buf
     ^~~~
../../nan/nan.h:2227:12: error: expected primary-expression before ‘buflen’
   , size_t buflen
            ^~~~~~
../../nan/nan.h:2228:5: error: expected primary-expression before ‘int’
   , int flags
     ^~~
../../nan/nan.h:2229:1: error: expression list treated as compound expression in initializer [-fpermissive]
 ) {
 ^
../../nan/nan.h:2371:9: warning: inline variables are only available with -std=c++17 or -std=gnu++17
     v8::Handle<v8::Value> from
         ^~~~~~
../../nan/nan.h:2371:9: warning: ‘always_inline’ attribute ignored [-Wattributes]
../../nan/nan.h:2371:9: error: ‘Handle’ is not a member of ‘v8’
../../nan/nan.h:2371:9: note: suggested alternative: ‘JobHandle’
     v8::Handle<v8::Value> from
         ^~~~~~
         JobHandle
../../nan/nan.h:2371:25: error: expected primary-expression before ‘>’ token
     v8::Handle<v8::Value> from
                         ^
../../nan/nan.h:2371:27: error: ‘from’ was not declared in this scope
     v8::Handle<v8::Value> from
                           ^~~~
../../nan/nan.h:2371:27: note: suggested alternative: ‘feof’
     v8::Handle<v8::Value> from
                           ^~~~
                           feof
../../nan/nan.h:2372:5: error: expected primary-expression before ‘enum’
   , enum Nan::Encoding encoding
     ^~~~
../../nan/nan.h:2373:12: error: expected primary-expression before ‘*’ token
   , size_t *datalen
            ^
../../nan/nan.h:2373:13: error: ‘datalen’ was not declared in this scope
   , size_t *datalen
             ^~~~~~~
../../nan/nan.h:2373:13: note: suggested alternative: ‘strlen’
   , size_t *datalen
             ^~~~~~~
             strlen
../../nan/nan.h:2374:5: error: expected primary-expression before ‘void’
   , void *buf
     ^~~~
../../nan/nan.h:2375:12: error: expected primary-expression before ‘buflen’
   , size_t buflen
            ^~~~~~
../../nan/nan.h:2376:5: error: expected primary-expression before ‘int’
   , int flags
     ^~~
../../nan/nan.h:2377:1: error: expression list treated as compound expression in initializer [-fpermissive]
 ) {
 ^
../../nan/nan.h:2383:9: warning: inline variables are only available with -std=c++17 or -std=gnu++17
     v8::Handle<v8::Value> from
         ^~~~~~
../../nan/nan.h:2383:9: warning: ‘always_inline’ attribute ignored [-Wattributes]
../../nan/nan.h:2383:9: error: ‘Handle’ is not a member of ‘v8’
../../nan/nan.h:2383:9: note: suggested alternative: ‘JobHandle’
     v8::Handle<v8::Value> from
         ^~~~~~
         JobHandle
../../nan/nan.h:2383:25: error: expected primary-expression before ‘>’ token
     v8::Handle<v8::Value> from
                         ^
../../nan/nan.h:2383:27: error: ‘from’ was not declared in this scope
     v8::Handle<v8::Value> from
                           ^~~~
../../nan/nan.h:2383:27: note: suggested alternative: ‘feof’
     v8::Handle<v8::Value> from
                           ^~~~
                           feof
../../nan/nan.h:2384:12: error: expected primary-expression before ‘*’ token
   , size_t *datalen
            ^
../../nan/nan.h:2384:13: error: ‘datalen’ was not declared in this scope
   , size_t *datalen
             ^~~~~~~
../../nan/nan.h:2384:13: note: suggested alternative: ‘strlen’
   , size_t *datalen
             ^~~~~~~
             strlen
../../nan/nan.h:2385:5: error: expected primary-expression before ‘char’
   , char *buf = NULL
     ^~~~
../../nan/nan.h:2386:12: error: expected primary-expression before ‘buflen’
   , size_t buflen = 0
            ^~~~~~
../../nan/nan.h:2387:5: error: expected primary-expression before ‘int’
   , int flags = v8::String::NO_OPTIONS
     ^~~
../../nan/nan.h:2388:1: error: expression list treated as compound expression in initializer [-fpermissive]
 ) {
 ^
../../nan/nan.h:2397:9: error: ‘v8::Handle’ has not been declared
   , v8::Handle<v8::Data> value
         ^~~~~~
../../nan/nan.h:2397:15: error: expected ‘,’ or ‘...’ before ‘<’ token
   , v8::Handle<v8::Data> value
               ^
../../nan/nan.h: In function ‘void NanSetPrototypeTemplate(v8::Local<v8::FunctionTemplate>, const char*, int)’:
../../nan/nan.h:2399:52: error: ‘value’ was not declared in this scope
   NanSetTemplate(templ->PrototypeTemplate(), name, value);
                                                    ^~~~~
../../nan/nan.h:2399:3: error: ‘NanSetTemplate’ was not declared in this scope
   NanSetTemplate(templ->PrototypeTemplate(), name, value);
   ^~~~~~~~~~~~~~
../../nan/nan.h:2399:3: note: suggested alternative: ‘NanSetIsolateData’
   NanSetTemplate(templ->PrototypeTemplate(), name, value);
   ^~~~~~~~~~~~~~
   NanSetIsolateData
../../nan/nan.h: At global scope:
../../nan/nan.h:2404:9: error: ‘v8::Handle’ has not been declared
   , v8::Handle<v8::String> name
         ^~~~~~
../../nan/nan.h:2404:15: error: expected ‘,’ or ‘...’ before ‘<’ token
   , v8::Handle<v8::String> name
               ^
../../nan/nan.h: In function ‘void NanSetPrototypeTemplate(v8::Local<v8::FunctionTemplate>, int)’:
../../nan/nan.h:2408:46: error: ‘name’ was not declared in this scope
   NanSetTemplate(templ->PrototypeTemplate(), name, value, attributes);
                                              ^~~~
../../nan/nan.h:2408:46: note: suggested alternative: ‘node’
   NanSetTemplate(templ->PrototypeTemplate(), name, value, attributes);
                                              ^~~~
                                              node
../../nan/nan.h:2408:52: error: ‘value’ was not declared in this scope
   NanSetTemplate(templ->PrototypeTemplate(), name, value, attributes);
                                                    ^~~~~
../../nan/nan.h:2408:59: error: ‘attributes’ was not declared in this scope
   NanSetTemplate(templ->PrototypeTemplate(), name, value, attributes);
                                                           ^~~~~~~~~~
../../nan/nan.h:2408:59: note: suggested alternative: ‘__attribute__’
   NanSetTemplate(templ->PrototypeTemplate(), name, value, attributes);
                                                           ^~~~~~~~~~
                                                           __attribute__
../../nan/nan.h:2408:3: error: ‘NanSetTemplate’ was not declared in this scope
   NanSetTemplate(templ->PrototypeTemplate(), name, value, attributes);
   ^~~~~~~~~~~~~~
../../nan/nan.h:2408:3: note: suggested alternative: ‘NanSetIsolateData’
   NanSetTemplate(templ->PrototypeTemplate(), name, value, attributes);
   ^~~~~~~~~~~~~~
   NanSetIsolateData
../../nan/nan.h: At global scope:
../../nan/nan.h:2414:9: error: ‘v8::Handle’ has not been declared
   , v8::Handle<v8::Data> value
         ^~~~~~
../../nan/nan.h:2414:15: error: expected ‘,’ or ‘...’ before ‘<’ token
   , v8::Handle<v8::Data> value
               ^
../../nan/nan.h: In function ‘void NanSetInstanceTemplate(v8::Local<v8::FunctionTemplate>, const char*, int)’:
../../nan/nan.h:2416:51: error: ‘value’ was not declared in this scope
   NanSetTemplate(templ->InstanceTemplate(), name, value);
                                                   ^~~~~
../../nan/nan.h:2416:3: error: ‘NanSetTemplate’ was not declared in this scope
   NanSetTemplate(templ->InstanceTemplate(), name, value);
   ^~~~~~~~~~~~~~
../../nan/nan.h:2416:3: note: suggested alternative: ‘NanSetInstanceTemplate’
   NanSetTemplate(templ->InstanceTemplate(), name, value);
   ^~~~~~~~~~~~~~
   NanSetInstanceTemplate
../../nan/nan.h: At global scope:
../../nan/nan.h:2421:9: error: ‘v8::Handle’ has not been declared
   , v8::Handle<v8::String> name
         ^~~~~~
../../nan/nan.h:2421:15: error: expected ‘,’ or ‘...’ before ‘<’ token
   , v8::Handle<v8::String> name
               ^
../../nan/nan.h: In function ‘void NanSetInstanceTemplate(v8::Local<v8::FunctionTemplate>, int)’:
../../nan/nan.h:2425:45: error: ‘name’ was not declared in this scope
   NanSetTemplate(templ->InstanceTemplate(), name, value, attributes);
                                             ^~~~
../../nan/nan.h:2425:45: note: suggested alternative: ‘node’
   NanSetTemplate(templ->InstanceTemplate(), name, value, attributes);
                                             ^~~~
                                             node
../../nan/nan.h:2425:51: error: ‘value’ was not declared in this scope
   NanSetTemplate(templ->InstanceTemplate(), name, value, attributes);
                                                   ^~~~~
../../nan/nan.h:2425:58: error: ‘attributes’ was not declared in this scope
   NanSetTemplate(templ->InstanceTemplate(), name, value, attributes);
                                                          ^~~~~~~~~~
../../nan/nan.h:2425:58: note: suggested alternative: ‘__attribute__’
   NanSetTemplate(templ->InstanceTemplate(), name, value, attributes);
                                                          ^~~~~~~~~~
                                                          __attribute__
../../nan/nan.h:2425:3: error: ‘NanSetTemplate’ was not declared in this scope
   NanSetTemplate(templ->InstanceTemplate(), name, value, attributes);
   ^~~~~~~~~~~~~~
../../nan/nan.h:2425:3: note: suggested alternative: ‘NanSetInstanceTemplate’
   NanSetTemplate(templ->InstanceTemplate(), name, value, attributes);
   ^~~~~~~~~~~~~~
   NanSetInstanceTemplate
../src/bufferutil.cc: At global scope:
../src/bufferutil.cc:24:30: error: ‘v8::Handle’ has not been declared
   static void Initialize(v8::Handle<v8::Object> target)
                              ^~~~~~
../src/bufferutil.cc:24:36: error: expected ‘,’ or ‘...’ before ‘<’ token
   static void Initialize(v8::Handle<v8::Object> target)
                                    ^
../src/bufferutil.cc: In static member function ‘static void BufferUtil::Initialize(int)’:
../src/bufferutil.cc:27:61: error: no match for call to ‘(v8::Local<v8::FunctionTemplate>) (void (&)(const v8::FunctionCallbackInfo<v8::Value>&))’
     Local<FunctionTemplate> t = NanNew<FunctionTemplate>(New);
                                                             ^
../src/bufferutil.cc:29:52: error: call of overloaded ‘NODE_SET_METHOD(v8::Local<v8::FunctionTemplate>&, const char [7], void (&)(const v8::FunctionCallbackInfo<v8::Value>&))’ is ambiguous
     NODE_SET_METHOD(t, "unmask", BufferUtil::Unmask);
                                                    ^
In file included from ../src/bufferutil.cc:8:
/home/pi/.cache/node-gyp/15.4.0/include/node/node.h:671:13: note: candidate: ‘void node::NODE_SET_METHOD(v8::Local<v8::Template>, const char*, v8::FunctionCallback)’
 inline void NODE_SET_METHOD(v8::Local<v8::Template> recv,
             ^~~~~~~~~~~~~~~
/home/pi/.cache/node-gyp/15.4.0/include/node/node.h:685:13: note: candidate: ‘void node::NODE_SET_METHOD(v8::Local<v8::Object>, const char*, v8::FunctionCallback)’
 inline void NODE_SET_METHOD(v8::Local<v8::Object> recv,
             ^~~~~~~~~~~~~~~
../src/bufferutil.cc:30:48: error: call of overloaded ‘NODE_SET_METHOD(v8::Local<v8::FunctionTemplate>&, const char [5], void (&)(const v8::FunctionCallbackInfo<v8::Value>&))’ is ambiguous
     NODE_SET_METHOD(t, "mask", BufferUtil::Mask);
                                                ^
In file included from ../src/bufferutil.cc:8:
/home/pi/.cache/node-gyp/15.4.0/include/node/node.h:671:13: note: candidate: ‘void node::NODE_SET_METHOD(v8::Local<v8::Template>, const char*, v8::FunctionCallback)’
 inline void NODE_SET_METHOD(v8::Local<v8::Template> recv,
             ^~~~~~~~~~~~~~~
/home/pi/.cache/node-gyp/15.4.0/include/node/node.h:685:13: note: candidate: ‘void node::NODE_SET_METHOD(v8::Local<v8::Object>, const char*, v8::FunctionCallback)’
 inline void NODE_SET_METHOD(v8::Local<v8::Object> recv,
             ^~~~~~~~~~~~~~~
../src/bufferutil.cc:31:50: error: call of overloaded ‘NODE_SET_METHOD(v8::Local<v8::FunctionTemplate>&, const char [6], void (&)(const v8::FunctionCallbackInfo<v8::Value>&))’ is ambiguous
     NODE_SET_METHOD(t, "merge", BufferUtil::Merge);
                                                  ^
In file included from ../src/bufferutil.cc:8:
/home/pi/.cache/node-gyp/15.4.0/include/node/node.h:671:13: note: candidate: ‘void node::NODE_SET_METHOD(v8::Local<v8::Template>, const char*, v8::FunctionCallback)’
 inline void NODE_SET_METHOD(v8::Local<v8::Template> recv,
             ^~~~~~~~~~~~~~~
/home/pi/.cache/node-gyp/15.4.0/include/node/node.h:685:13: note: candidate: ‘void node::NODE_SET_METHOD(v8::Local<v8::Object>, const char*, v8::FunctionCallback)’
 inline void NODE_SET_METHOD(v8::Local<v8::Object> recv,
             ^~~~~~~~~~~~~~~
../src/bufferutil.cc:32:5: error: ‘target’ was not declared in this scope
     target->Set(NanSymbol("BufferUtil"), t->GetFunction());
     ^~~~~~
../src/bufferutil.cc:32:5: note: suggested alternative: ‘Merge’
     target->Set(NanSymbol("BufferUtil"), t->GetFunction());
     ^~~~~~
     Merge
../src/bufferutil.cc:32:39: warning: ‘v8::Local<v8::String> NanSymbol(const char*, int)’ is deprecated [-Wdeprecated-declarations]
     target->Set(NanSymbol("BufferUtil"), t->GetFunction());
                                       ^
In file included from ../src/bufferutil.cc:15:
../../nan/nan.h:616:51: note: declared here
   NAN_DEPRECATED NAN_INLINE v8::Local<v8::String> NanSymbol(
                                                   ^~~~~~~~~
../src/bufferutil.cc:32:39: warning: ‘v8::Local<v8::String> NanSymbol(const char*, int)’ is deprecated [-Wdeprecated-declarations]
     target->Set(NanSymbol("BufferUtil"), t->GetFunction());
                                       ^
In file included from ../src/bufferutil.cc:15:
../../nan/nan.h:616:51: note: declared here
   NAN_DEPRECATED NAN_INLINE v8::Local<v8::String> NanSymbol(
                                                   ^~~~~~~~~
../src/bufferutil.cc:32:57: error: no matching function for call to ‘v8::FunctionTemplate::GetFunction()’
     target->Set(NanSymbol("BufferUtil"), t->GetFunction());
                                                         ^
In file included from ../src/bufferutil.cc:7:
/home/pi/.cache/node-gyp/15.4.0/include/node/v8.h:6497:46: note: candidate: ‘v8::MaybeLocal<v8::Function> v8::FunctionTemplate::GetFunction(v8::Local<v8::Context>)’
   V8_WARN_UNUSED_RESULT MaybeLocal<Function> GetFunction(
                                              ^~~~~~~~~~~
/home/pi/.cache/node-gyp/15.4.0/include/node/v8.h:6497:46: note:   candidate expects 1 argument, 0 provided
../src/bufferutil.cc: In static member function ‘static void BufferUtil::Merge(const v8::FunctionCallbackInfo<v8::Value>&)’:
../src/bufferutil.cc:48:49: error: no matching function for call to ‘v8::Value::ToObject()’
     Local<Object> bufferObj = args[0]->ToObject();
                                                 ^
In file included from ../src/bufferutil.cc:7:
/home/pi/.cache/node-gyp/15.4.0/include/node/v8.h:2868:44: note: candidate: ‘v8::MaybeLocal<v8::Object> v8::Value::ToObject(v8::Local<v8::Context>) const’
   V8_WARN_UNUSED_RESULT MaybeLocal<Object> ToObject(
                                            ^~~~~~~~
/home/pi/.cache/node-gyp/15.4.0/include/node/v8.h:2868:44: note:   candidate expects 1 argument, 0 provided
../src/bufferutil.cc:55:39: error: no matching function for call to ‘v8::Array::Get(unsigned int&)’
       Local<Object> src = array->Get(i)->ToObject();
                                       ^
In file included from ../src/bufferutil.cc:7:
/home/pi/.cache/node-gyp/15.4.0/include/node/v8.h:3763:43: note: candidate: ‘v8::MaybeLocal<v8::Value> v8::Object::Get(v8::Local<v8::Context>, v8::Local<v8::Value>)’
   V8_WARN_UNUSED_RESULT MaybeLocal<Value> Get(Local<Context> context,
                                           ^~~
/home/pi/.cache/node-gyp/15.4.0/include/node/v8.h:3763:43: note:   candidate expects 2 arguments, 1 provided
/home/pi/.cache/node-gyp/15.4.0/include/node/v8.h:3766:43: note: candidate: ‘v8::MaybeLocal<v8::Value> v8::Object::Get(v8::Local<v8::Context>, uint32_t)’
   V8_WARN_UNUSED_RESULT MaybeLocal<Value> Get(Local<Context> context,
                                           ^~~
/home/pi/.cache/node-gyp/15.4.0/include/node/v8.h:3766:43: note:   candidate expects 2 arguments, 1 provided
../src/bufferutil.cc: In static member function ‘static void BufferUtil::Unmask(const v8::FunctionCallbackInfo<v8::Value>&)’:
../src/bufferutil.cc:66:50: error: no matching function for call to ‘v8::Value::ToObject()’
     Local<Object> buffer_obj = args[0]->ToObject();
                                                  ^
In file included from ../src/bufferutil.cc:7:
/home/pi/.cache/node-gyp/15.4.0/include/node/v8.h:2868:44: note: candidate: ‘v8::MaybeLocal<v8::Object> v8::Value::ToObject(v8::Local<v8::Context>) const’
   V8_WARN_UNUSED_RESULT MaybeLocal<Object> ToObject(
                                            ^~~~~~~~
/home/pi/.cache/node-gyp/15.4.0/include/node/v8.h:2868:44: note:   candidate expects 1 argument, 0 provided
../src/bufferutil.cc:68:48: error: no matching function for call to ‘v8::Value::ToObject()’
     Local<Object> mask_obj = args[1]->ToObject();
                                                ^
In file included from ../src/bufferutil.cc:7:
/home/pi/.cache/node-gyp/15.4.0/include/node/v8.h:2868:44: note: candidate: ‘v8::MaybeLocal<v8::Object> v8::Value::ToObject(v8::Local<v8::Context>) const’
   V8_WARN_UNUSED_RESULT MaybeLocal<Object> ToObject(
                                            ^~~~~~~~
/home/pi/.cache/node-gyp/15.4.0/include/node/v8.h:2868:44: note:   candidate expects 1 argument, 0 provided
../src/bufferutil.cc: In static member function ‘static void BufferUtil::Mask(const v8::FunctionCallbackInfo<v8::Value>&)’:
../src/bufferutil.cc:87:50: error: no matching function for call to ‘v8::Value::ToObject()’
     Local<Object> buffer_obj = args[0]->ToObject();
                                                  ^
In file included from ../src/bufferutil.cc:7:
/home/pi/.cache/node-gyp/15.4.0/include/node/v8.h:2868:44: note: candidate: ‘v8::MaybeLocal<v8::Object> v8::Value::ToObject(v8::Local<v8::Context>) const’
   V8_WARN_UNUSED_RESULT MaybeLocal<Object> ToObject(
                                            ^~~~~~~~
/home/pi/.cache/node-gyp/15.4.0/include/node/v8.h:2868:44: note:   candidate expects 1 argument, 0 provided
../src/bufferutil.cc:88:48: error: no matching function for call to ‘v8::Value::ToObject()’
     Local<Object> mask_obj = args[1]->ToObject();
                                                ^
In file included from ../src/bufferutil.cc:7:
/home/pi/.cache/node-gyp/15.4.0/include/node/v8.h:2868:44: note: candidate: ‘v8::MaybeLocal<v8::Object> v8::Value::ToObject(v8::Local<v8::Context>) const’
   V8_WARN_UNUSED_RESULT MaybeLocal<Object> ToObject(
                                            ^~~~~~~~
/home/pi/.cache/node-gyp/15.4.0/include/node/v8.h:2868:44: note:   candidate expects 1 argument, 0 provided
../src/bufferutil.cc:90:50: error: no matching function for call to ‘v8::Value::ToObject()’
     Local<Object> output_obj = args[2]->ToObject();
                                                  ^
In file included from ../src/bufferutil.cc:7:
/home/pi/.cache/node-gyp/15.4.0/include/node/v8.h:2868:44: note: candidate: ‘v8::MaybeLocal<v8::Object> v8::Value::ToObject(v8::Local<v8::Context>) const’
   V8_WARN_UNUSED_RESULT MaybeLocal<Object> ToObject(
                                            ^~~~~~~~
/home/pi/.cache/node-gyp/15.4.0/include/node/v8.h:2868:44: note:   candidate expects 1 argument, 0 provided
../src/bufferutil.cc:91:51: error: no matching function for call to ‘v8::Value::Int32Value()’
     unsigned int dataOffset = args[3]->Int32Value();
                                                   ^
In file included from ../src/bufferutil.cc:7:
/home/pi/.cache/node-gyp/15.4.0/include/node/v8.h:2915:40: note: candidate: ‘v8::Maybe<int> v8::Value::Int32Value(v8::Local<v8::Context>) const’
   V8_WARN_UNUSED_RESULT Maybe<int32_t> Int32Value(Local<Context> context) const;
                                        ^~~~~~~~~~
/home/pi/.cache/node-gyp/15.4.0/include/node/v8.h:2915:40: note:   candidate expects 1 argument, 0 provided
../src/bufferutil.cc:92:47: error: no matching function for call to ‘v8::Value::Int32Value()’
     unsigned int length = args[4]->Int32Value();
                                               ^
In file included from ../src/bufferutil.cc:7:
/home/pi/.cache/node-gyp/15.4.0/include/node/v8.h:2915:40: note: candidate: ‘v8::Maybe<int> v8::Value::Int32Value(v8::Local<v8::Context>) const’
   V8_WARN_UNUSED_RESULT Maybe<int32_t> Int32Value(Local<Context> context) const;
                                        ^~~~~~~~~~
/home/pi/.cache/node-gyp/15.4.0/include/node/v8.h:2915:40: note:   candidate expects 1 argument, 0 provided
../src/bufferutil.cc: At global scope:
../src/bufferutil.cc:110:23: error: variable or field ‘init’ declared void
 extern "C" void init (Handle<Object> target)
                       ^~~~~~
../src/bufferutil.cc:110:23: error: ‘Handle’ was not declared in this scope
../src/bufferutil.cc:110:23: note: suggested alternative: ‘rand_r’
 extern "C" void init (Handle<Object> target)
                       ^~~~~~
                       rand_r
../src/bufferutil.cc:110:36: error: expected primary-expression before ‘>’ token
 extern "C" void init (Handle<Object> target)
                                    ^
../src/bufferutil.cc:110:38: error: ‘target’ was not declared in this scope
 extern "C" void init (Handle<Object> target)
                                      ^~~~~~
../src/bufferutil.cc:110:38: note: suggested alternative: ‘tzset’
 extern "C" void init (Handle<Object> target)
                                      ^~~~~~
                                      tzset
In file included from ../src/bufferutil.cc:8:
../src/bufferutil.cc:116:25: error: ‘init’ was not declared in this scope
 NODE_MODULE(bufferutil, init)
                         ^~~~
/home/pi/.cache/node-gyp/15.4.0/include/node/node.h:835:36: note: in definition of macro ‘NODE_MODULE_X’
       (node::addon_register_func) (regfunc),                          \
                                    ^~~~~~~
../src/bufferutil.cc:116:1: note: in expansion of macro ‘NODE_MODULE’
 NODE_MODULE(bufferutil, init)
 ^~~~~~~~~~~
../src/bufferutil.cc:116:25: note: suggested alternative: ‘int’
 NODE_MODULE(bufferutil, init)
                         ^~~~
/home/pi/.cache/node-gyp/15.4.0/include/node/node.h:835:36: note: in definition of macro ‘NODE_MODULE_X’
       (node::addon_register_func) (regfunc),                          \
                                    ^~~~~~~
../src/bufferutil.cc:116:1: note: in expansion of macro ‘NODE_MODULE’
 NODE_MODULE(bufferutil, init)
 ^~~~~~~~~~~
In file included from ../src/bufferutil.cc:15:
../../nan/nan.h:2175:13: warning: ‘_NanGetExternalParts’ defined but not used [-Wunused-variable]
 static bool _NanGetExternalParts(
             ^~~~~~~~~~~~~~~~~~~~
make: *** [bufferutil.target.mk:111: Release/obj.target/bufferutil/src/bufferutil.o] Error 1
gyp ERR! build error 
gyp ERR! stack Error: `make` failed with exit code: 2
gyp ERR! stack     at ChildProcess.onExit (/usr/local/lib/node_modules/npm/node_modules/node-gyp/lib/build.js:194:23)
gyp ERR! stack     at ChildProcess.emit (node:events:376:20)
gyp ERR! stack     at Process.ChildProcess._handle.onexit (node:internal/child_process:284:12)
gyp ERR! System Linux 5.4.79-v7l+
gyp ERR! command "/usr/local/bin/node" "/usr/local/lib/node_modules/npm/node_modules/node-gyp/bin/node-gyp.js" "rebuild"
gyp ERR! cwd /home/pi/Desktop/prototype/node_modules/revolt/node_modules/ws
gyp ERR! node -v v15.4.0
gyp ERR! node-gyp -v v7.1.2
gyp ERR! not ok 
